Using pre-set license
Built from '2020.3/staging' branch; Version is '2020.3.13f1 (71691879b7f5) revision 7432472'; Using compiler version '192528614'; Build Type 'Release'
OS: 'Windows 10 Pro; OS build 22000.51; Version 2009; 64bit' Language: 'pt' Physical Memory: 8071 MB
BatchMode: 1, IsHumanControllingUs: 0, StartBugReporterOnCrash: 0, Is64bit: 1, IsPro: 0

 COMMAND LINE ARGUMENTS:
C:\Program Files\Unity\Hub\Editor\2020.3.13f1\Editor\Unity.exe
-adb2
-batchMode
-noUpm
-name
AssetImportWorker1
-projectPath
C:/Users/gabri/Desktop/projects/carmechanic
-logFile
Logs/AssetImportWorker1.log
-srvPort
17642
Successfully changed project path to: C:/Users/gabri/Desktop/projects/carmechanic
C:/Users/gabri/Desktop/projects/carmechanic
Using Asset Import Pipeline V2.
Refreshing native plugins compatible for Editor in 84.88 ms, found 3 plugins.
Preloading 0 native plugins for Editor in 0.00 ms.
Initialize engine version: 2020.3.13f1 (71691879b7f5)
[Subsystems] Discovering subsystems at path C:/Program Files/Unity/Hub/Editor/2020.3.13f1/Editor/Data/Resources/UnitySubsystems
[Subsystems] Discovering subsystems at path C:/Users/gabri/Desktop/projects/carmechanic/Assets
GfxDevice: creating device client; threaded=0
Direct3D:
    Version:  Direct3D 11.0 [level 11.1]
    Renderer: Intel(R) HD Graphics Family (ID=0xa16)
    Vendor:   
    VRAM:     2048 MB
    Driver:   20.19.15.5126
Initialize mono
Mono path[0] = 'C:/Program Files/Unity/Hub/Editor/2020.3.13f1/Editor/Data/Managed'
Mono path[1] = 'C:/Program Files/Unity/Hub/Editor/2020.3.13f1/Editor/Data/MonoBleedingEdge/lib/mono/unityjit'
Mono config path = 'C:/Program Files/Unity/Hub/Editor/2020.3.13f1/Editor/Data/MonoBleedingEdge/etc'
Using monoOptions --debugger-agent=transport=dt_socket,embedding=1,server=y,suspend=n,address=127.0.0.1:56908
Begin MonoManager ReloadAssembly
Registering precompiled unity dll's ...
Register platform support module: C:/Program Files/Unity/Hub/Editor/2020.3.13f1/Editor/Data/PlaybackEngines/WindowsStandaloneSupport/UnityEditor.WindowsStandalone.Extensions.dll
Registered in 0.007011 seconds.
Native extension for WindowsStandalone target not found
Refreshing native plugins compatible for Editor in 52.22 ms, found 3 plugins.
Preloading 0 native plugins for Editor in 0.00 ms.
Mono: successfully reloaded assembly
- Completed reload, in  4.671 seconds
Platform modules already initialized, skipping
Registering precompiled user dll's ...
Registered in 0.028987 seconds.
Begin MonoManager ReloadAssembly
OnLevelWasLoaded was found on Menu
This message has been deprecated and will be removed in a later version of Unity.
Add a delegate to SceneManager.sceneLoaded instead to get notifications after scene loading has completed

Native extension for WindowsStandalone target not found
Refreshing native plugins compatible for Editor in 0.54 ms, found 3 plugins.
Preloading 0 native plugins for Editor in 0.00 ms.
Mono: successfully reloaded assembly
- Completed reload, in  1.829 seconds
Platform modules already initialized, skipping
========================================================================
Worker process is ready to serve import requests
Launched and connected shader compiler UnityShaderCompiler.exe after 0.10 seconds
Refreshing native plugins compatible for Editor in 0.55 ms, found 3 plugins.
Preloading 0 native plugins for Editor in 0.00 ms.
Unloading 1578 Unused Serialized files (Serialized files now loaded: 0)
System memory in use before: 74.0 MB.
System memory in use after: 74.1 MB.

Unloading 29 unused Assets to reduce memory usage. Loaded Objects now: 2013.
Total: 5.346800 ms (FindLiveObjects: 0.290800 ms CreateObjectMapping: 0.169100 ms MarkObjects: 4.759900 ms  DeleteObjects: 0.125000 ms)

AssetImportParameters requested are different than current active one (requested -> active):
  custom:framework-win-MediaFoundation: 216162199b28c13a410421893ffa2e32 -> 
  custom:video-decoder-ogg-theora: a1e56fd34408186e4bbccfd4996cb3dc -> 
  custom:container-muxer-webm: aa71ff27fc2769a1b78a27578f13a17b -> 
  custom:container-demuxer-webm: 4f35f7cbe854078d1ac9338744f61a02 -> 
  custom:container-demuxer-ogg: 62fdf1f143b41e24485cea50d1cbac27 -> 
  custom:video-encoder-webm-vp8: eb34c28f22e8b96e1ab97ce403110664 -> 
  custom:video-decoder-webm-vp8: 9c59270c3fd7afecdb556c50c9e8de78 -> 
  custom:audio-decoder-ogg-vorbis: bf7c407c2cedff20999df2af8eb42d56 -> 
  custom:audio-encoder-webm-vorbis: bf7c407c2cedff20999df2af8eb42d56 -> 
========================================================================
Received Import Request.
  path: Assets/Standard Assets/PhysicsMaterials/Ice.physicmaterial
  artifactKey: Guid(ba92fb44336020f40bdf294bb66bc9da) Importer(815301076,1909f56bfc062723c751e8b465ee728b)
Start importing Assets/Standard Assets/PhysicsMaterials/Ice.physicmaterial using Guid(ba92fb44336020f40bdf294bb66bc9da) Importer(815301076,1909f56bfc062723c751e8b465ee728b)  -> (artifact id: '6d19c6fa99cb07ceb3f4344555b2d08c') in 0.056385 seconds 
  Import took 0.063249 seconds .

========================================================================
Received Import Request.
  Time since last request: 0.000390 seconds.
  path: Assets/Standard Assets/Utility/FOVKick.cs
  artifactKey: Guid(6045a93fb05b9c74884821030da2c46c) Importer(815301076,1909f56bfc062723c751e8b465ee728b)
Start importing Assets/Standard Assets/Utility/FOVKick.cs using Guid(6045a93fb05b9c74884821030da2c46c) Importer(815301076,1909f56bfc062723c751e8b465ee728b)  -> (artifact id: 'c0381180e3621a886ff7b9b2764424c6') in 0.039136 seconds 
  Import took 0.044091 seconds .

========================================================================
Received Import Request.
  Time since last request: 0.001139 seconds.
  path: Assets/Standard Assets/PhysicsMaterials/Rubber.physicmaterial
  artifactKey: Guid(52baaeb214519f347a35cf0edfd262ff) Importer(815301076,1909f56bfc062723c751e8b465ee728b)
Start importing Assets/Standard Assets/PhysicsMaterials/Rubber.physicmaterial using Guid(52baaeb214519f347a35cf0edfd262ff) Importer(815301076,1909f56bfc062723c751e8b465ee728b)  -> (artifact id: '92d803b4271be291e1abbae445e1c03e') in 0.011616 seconds 
  Import took 0.018464 seconds .

========================================================================
Received Import Request.
  Time since last request: 0.000697 seconds.
  path: Assets/Standard Assets/Utility
  artifactKey: Guid(8fb26caddeedb41c9ae5c09a23c52942) Importer(815301076,1909f56bfc062723c751e8b465ee728b)
Start importing Assets/Standard Assets/Utility using Guid(8fb26caddeedb41c9ae5c09a23c52942) Importer(815301076,1909f56bfc062723c751e8b465ee728b)  -> (artifact id: '56f57056377b0451f7ba0f134183295d') in 0.005590 seconds 
  Import took 0.009299 seconds .

========================================================================
Received Import Request.
  Time since last request: 0.000431 seconds.
  path: Assets/Standard Assets/PhysicsMaterials
  artifactKey: Guid(5eebb5849c50a2c4ea24ded96e6f3aac) Importer(815301076,1909f56bfc062723c751e8b465ee728b)
Start importing Assets/Standard Assets/PhysicsMaterials using Guid(5eebb5849c50a2c4ea24ded96e6f3aac) Importer(815301076,1909f56bfc062723c751e8b465ee728b)  -> (artifact id: '6a0b62768f1fb1f31aa6ddd2d3914562') in 0.012898 seconds 
  Import took 0.024406 seconds .

========================================================================
Received Import Request.
  Time since last request: 0.001056 seconds.
  path: Assets/Standard Assets/PhysicsMaterials/Wood.physicmaterial
  artifactKey: Guid(3aeb7dadc0c69d54d9e5777e9d5631f1) Importer(815301076,1909f56bfc062723c751e8b465ee728b)
Start importing Assets/Standard Assets/PhysicsMaterials/Wood.physicmaterial using Guid(3aeb7dadc0c69d54d9e5777e9d5631f1) Importer(815301076,1909f56bfc062723c751e8b465ee728b)  -> (artifact id: '929f1bbdb8e0ef21e8a32d8780d81fb1') in 0.025994 seconds 
  Import took 0.032240 seconds .

========================================================================
Received Import Request.
  Time since last request: 0.000401 seconds.
  path: Assets/Standard Assets/PhysicsMaterials/ZeroFriction.physicMaterial
  artifactKey: Guid(c2815a7ab32e42c4bb42f59caacb8ec1) Importer(815301076,1909f56bfc062723c751e8b465ee728b)
Start importing Assets/Standard Assets/PhysicsMaterials/ZeroFriction.physicMaterial using Guid(c2815a7ab32e42c4bb42f59caacb8ec1) Importer(815301076,1909f56bfc062723c751e8b465ee728b)  -> (artifact id: 'fc50cb1cfb52a3546567eaa9a9a33cd2') in 0.014306 seconds 
  Import took 0.019291 seconds .

========================================================================
Received Import Request.
  Time since last request: 0.000597 seconds.
  path: Assets/Standard Assets/Utility/CurveControlledBob.cs
  artifactKey: Guid(492f54f4accf00440828ffcb9e4fcc19) Importer(815301076,1909f56bfc062723c751e8b465ee728b)
Start importing Assets/Standard Assets/Utility/CurveControlledBob.cs using Guid(492f54f4accf00440828ffcb9e4fcc19) Importer(815301076,1909f56bfc062723c751e8b465ee728b)  -> (artifact id: 'e4550dad466f6be19382e97027e47759') in 0.012256 seconds 
  Import took 0.017233 seconds .

========================================================================
Received Import Request.
  Time since last request: 0.000390 seconds.
  path: Assets/Standard Assets/PhysicsMaterials/MaxFriction.physicMaterial
  artifactKey: Guid(e52fb17f9b1e7fd48b8955f1391d3688) Importer(815301076,1909f56bfc062723c751e8b465ee728b)
Start importing Assets/Standard Assets/PhysicsMaterials/MaxFriction.physicMaterial using Guid(e52fb17f9b1e7fd48b8955f1391d3688) Importer(815301076,1909f56bfc062723c751e8b465ee728b)  -> (artifact id: '150496b2ae87d5a32004c8396a45bc6b') in 0.010666 seconds 
  Import took 0.016321 seconds .

========================================================================
Received Import Request.
  Time since last request: 0.000780 seconds.
  path: Assets/Standard Assets/Utility/LerpControlledBob.cs
  artifactKey: Guid(c1bbfafbde15c854681023b9e01e12dd) Importer(815301076,1909f56bfc062723c751e8b465ee728b)
Start importing Assets/Standard Assets/Utility/LerpControlledBob.cs using Guid(c1bbfafbde15c854681023b9e01e12dd) Importer(815301076,1909f56bfc062723c751e8b465ee728b)  -> (artifact id: '2db83bd82b3d4834902236e8d180d384') in 0.006921 seconds 
  Import took 0.014434 seconds .

========================================================================
Received Import Request.
  Time since last request: 0.000428 seconds.
  path: Assets/Standard Assets/PhysicsMaterials/Metal.physicmaterial
  artifactKey: Guid(01571ba68fb2dad46aa03094ab219579) Importer(815301076,1909f56bfc062723c751e8b465ee728b)
Start importing Assets/Standard Assets/PhysicsMaterials/Metal.physicmaterial using Guid(01571ba68fb2dad46aa03094ab219579) Importer(815301076,1909f56bfc062723c751e8b465ee728b)  -> (artifact id: 'd44abda4e2901c6757871cf19f665d7d') in 0.014641 seconds 
  Import took 0.018769 seconds .

========================================================================
Received Import Request.
  Time since last request: 0.000582 seconds.
  path: Assets/Standard Assets/PhysicsMaterials/Bouncy.physicmaterial
  artifactKey: Guid(9f93f63d068b08c459038c40fce897d8) Importer(815301076,1909f56bfc062723c751e8b465ee728b)
Start importing Assets/Standard Assets/PhysicsMaterials/Bouncy.physicmaterial using Guid(9f93f63d068b08c459038c40fce897d8) Importer(815301076,1909f56bfc062723c751e8b465ee728b)  -> (artifact id: 'c5b81bc1764a7b777fb11a89d771df72') in 0.014121 seconds 
  Import took 0.019994 seconds .

========================================================================
Received Import Request.
  Time since last request: 0.653923 seconds.
  path: Assets/Standard Assets/Characters
  artifactKey: Guid(8c32f58513a41ef4dab9cb7704c5fb92) Importer(815301076,1909f56bfc062723c751e8b465ee728b)
Start importing Assets/Standard Assets/Characters using Guid(8c32f58513a41ef4dab9cb7704c5fb92) Importer(815301076,1909f56bfc062723c751e8b465ee728b)  -> (artifact id: '2ed30adbe8a1c3b5a1936a139fc95024') in 0.028884 seconds 
  Import took 0.041471 seconds .

========================================================================
Received Import Request.
  Time since last request: 0.843749 seconds.
  path: Assets/Standard Assets/Characters/FirstPersonCharacter
  artifactKey: Guid(943e057eaae705e43b9e9b2e53d6adb0) Importer(815301076,1909f56bfc062723c751e8b465ee728b)
Start importing Assets/Standard Assets/Characters/FirstPersonCharacter using Guid(943e057eaae705e43b9e9b2e53d6adb0) Importer(815301076,1909f56bfc062723c751e8b465ee728b)  -> (artifact id: 'b076c045d807e8a0c94b3845103f6f47') in 0.015002 seconds 
  Import took 0.024327 seconds .

========================================================================
Received Import Request.
  Time since last request: 4.128185 seconds.
  path: Assets/Standard Assets/CrossPlatformInput
  artifactKey: Guid(eb6d0d11aa24844488ea026462c8b6aa) Importer(815301076,1909f56bfc062723c751e8b465ee728b)
Start importing Assets/Standard Assets/CrossPlatformInput using Guid(eb6d0d11aa24844488ea026462c8b6aa) Importer(815301076,1909f56bfc062723c751e8b465ee728b)  -> (artifact id: 'a4d661f4fca5b4c7721e3d4cd9e38e39') in 0.009957 seconds 
  Import took 0.016167 seconds .

========================================================================
Received Import Request.
  Time since last request: 9.384429 seconds.
  path: Assets/Scenes
  artifactKey: Guid(be4117fe606239f428660d4821905fd4) Importer(815301076,1909f56bfc062723c751e8b465ee728b)
Start importing Assets/Scenes using Guid(be4117fe606239f428660d4821905fd4) Importer(815301076,1909f56bfc062723c751e8b465ee728b)  -> (artifact id: 'bee78256b94bef5999653c041b594cea') in 0.008168 seconds 
  Import took 0.015148 seconds .

========================================================================
Received Import Request.
  Time since last request: 0.863720 seconds.
  path: Assets/Scenes/Garage.unity
  artifactKey: Guid(6faf2b98d0716c84c93ef9ea36abd019) Importer(815301076,1909f56bfc062723c751e8b465ee728b)
Start importing Assets/Scenes/Garage.unity using Guid(6faf2b98d0716c84c93ef9ea36abd019) Importer(815301076,1909f56bfc062723c751e8b465ee728b)  -> (artifact id: 'ace1d119c178433f3b02440e7454f58d') in 0.008593 seconds 
  Import took 0.013290 seconds .

========================================================================
Received Prepare
Registering precompiled user dll's ...
Registered in 0.042016 seconds.
Begin MonoManager ReloadAssembly
Native extension for WindowsStandalone target not found
Refreshing native plugins compatible for Editor in 2.43 ms, found 3 plugins.
Preloading 0 native plugins for Editor in 0.00 ms.
Mono: successfully reloaded assembly
- Completed reload, in  9.758 seconds
Platform modules already initialized, skipping
OnLevelWasLoaded was found on Menu
This message has been deprecated and will be removed in a later version of Unity.
Add a delegate to SceneManager.sceneLoaded instead to get notifications after scene loading has completed

Refreshing native plugins compatible for Editor in 1.87 ms, found 3 plugins.
Preloading 0 native plugins for Editor in 0.00 ms.
Unloading 1568 Unused Serialized files (Serialized files now loaded: 0)
System memory in use before: 73.3 MB.
System memory in use after: 73.4 MB.

Unloading 20 unused Assets to reduce memory usage. Loaded Objects now: 2016.
Total: 18.288700 ms (FindLiveObjects: 1.491200 ms CreateObjectMapping: 0.487000 ms MarkObjects: 16.148100 ms  DeleteObjects: 0.157700 ms)

AssetImportParameters requested are different than current active one (requested -> active):
  custom:framework-win-MediaFoundation: 216162199b28c13a410421893ffa2e32 -> 
  custom:video-decoder-ogg-theora: a1e56fd34408186e4bbccfd4996cb3dc -> 
  custom:container-muxer-webm: aa71ff27fc2769a1b78a27578f13a17b -> 
  custom:container-demuxer-webm: 4f35f7cbe854078d1ac9338744f61a02 -> 
  custom:container-demuxer-ogg: 62fdf1f143b41e24485cea50d1cbac27 -> 
  custom:video-encoder-webm-vp8: eb34c28f22e8b96e1ab97ce403110664 -> 
  custom:video-decoder-webm-vp8: 9c59270c3fd7afecdb556c50c9e8de78 -> 
  custom:audio-decoder-ogg-vorbis: bf7c407c2cedff20999df2af8eb42d56 -> 
  custom:audio-encoder-webm-vorbis: bf7c407c2cedff20999df2af8eb42d56 -> 
========================================================================
Received Prepare
Registering precompiled user dll's ...
Registered in 0.034956 seconds.
Begin MonoManager ReloadAssembly
Native extension for WindowsStandalone target not found
Refreshing native plugins compatible for Editor in 1.88 ms, found 3 plugins.
Preloading 0 native plugins for Editor in 0.00 ms.
Mono: successfully reloaded assembly
- Completed reload, in  4.090 seconds
Platform modules already initialized, skipping
OnLevelWasLoaded was found on Menu
This message has been deprecated and will be removed in a later version of Unity.
Add a delegate to SceneManager.sceneLoaded instead to get notifications after scene loading has completed

Refreshing native plugins compatible for Editor in 1.19 ms, found 3 plugins.
Preloading 0 native plugins for Editor in 0.00 ms.
Unloading 1568 Unused Serialized files (Serialized files now loaded: 0)
System memory in use before: 73.4 MB.
System memory in use after: 73.5 MB.

Unloading 20 unused Assets to reduce memory usage. Loaded Objects now: 2019.
Total: 6.946200 ms (FindLiveObjects: 0.346400 ms CreateObjectMapping: 0.202000 ms MarkObjects: 6.336300 ms  DeleteObjects: 0.057500 ms)

AssetImportParameters requested are different than current active one (requested -> active):
  custom:framework-win-MediaFoundation: 216162199b28c13a410421893ffa2e32 -> 
  custom:video-decoder-ogg-theora: a1e56fd34408186e4bbccfd4996cb3dc -> 
  custom:container-muxer-webm: aa71ff27fc2769a1b78a27578f13a17b -> 
  custom:container-demuxer-webm: 4f35f7cbe854078d1ac9338744f61a02 -> 
  custom:container-demuxer-ogg: 62fdf1f143b41e24485cea50d1cbac27 -> 
  custom:video-encoder-webm-vp8: eb34c28f22e8b96e1ab97ce403110664 -> 
  custom:video-decoder-webm-vp8: 9c59270c3fd7afecdb556c50c9e8de78 -> 
  custom:audio-decoder-ogg-vorbis: bf7c407c2cedff20999df2af8eb42d56 -> 
  custom:audio-encoder-webm-vorbis: bf7c407c2cedff20999df2af8eb42d56 -> 
========================================================================
Received Prepare
Registering precompiled user dll's ...
Registered in 0.077005 seconds.
Begin MonoManager ReloadAssembly
Native extension for WindowsStandalone target not found
Refreshing native plugins compatible for Editor in 1.07 ms, found 3 plugins.
Preloading 0 native plugins for Editor in 0.00 ms.
Mono: successfully reloaded assembly
- Completed reload, in  3.712 seconds
Platform modules already initialized, skipping
OnLevelWasLoaded was found on Menu
This message has been deprecated and will be removed in a later version of Unity.
Add a delegate to SceneManager.sceneLoaded instead to get notifications after scene loading has completed

Refreshing native plugins compatible for Editor in 0.97 ms, found 3 plugins.
Preloading 0 native plugins for Editor in 0.00 ms.
Unloading 1568 Unused Serialized files (Serialized files now loaded: 0)
System memory in use before: 73.4 MB.
System memory in use after: 73.5 MB.

Unloading 20 unused Assets to reduce memory usage. Loaded Objects now: 2022.
Total: 3.588900 ms (FindLiveObjects: 0.279400 ms CreateObjectMapping: 0.167400 ms MarkObjects: 3.079100 ms  DeleteObjects: 0.060100 ms)

AssetImportParameters requested are different than current active one (requested -> active):
  custom:framework-win-MediaFoundation: 216162199b28c13a410421893ffa2e32 -> 
  custom:video-decoder-ogg-theora: a1e56fd34408186e4bbccfd4996cb3dc -> 
  custom:container-muxer-webm: aa71ff27fc2769a1b78a27578f13a17b -> 
  custom:container-demuxer-webm: 4f35f7cbe854078d1ac9338744f61a02 -> 
  custom:container-demuxer-ogg: 62fdf1f143b41e24485cea50d1cbac27 -> 
  custom:video-encoder-webm-vp8: eb34c28f22e8b96e1ab97ce403110664 -> 
  custom:video-decoder-webm-vp8: 9c59270c3fd7afecdb556c50c9e8de78 -> 
  custom:audio-decoder-ogg-vorbis: bf7c407c2cedff20999df2af8eb42d56 -> 
  custom:audio-encoder-webm-vorbis: bf7c407c2cedff20999df2af8eb42d56 -> 
========================================================================
Received Import Request.
  Time since last request: 588.766636 seconds.
  path: Assets/Models/Car/LANCEREVOX.FBX
  artifactKey: Guid(8d3f1d2707bda1b4db09cb9819ad4fb4) Importer(815301076,1909f56bfc062723c751e8b465ee728b)
Start importing Assets/Models/Car/LANCEREVOX.FBX using Guid(8d3f1d2707bda1b4db09cb9819ad4fb4) Importer(815301076,1909f56bfc062723c751e8b465ee728b)  -> (artifact id: '3c065ea89aa3104315f8ff9bf137c723') in 1.805210 seconds 
  Import took 1.811487 seconds .

========================================================================
Received Import Request.
  Time since last request: 0.000733 seconds.
  path: Assets/Models/Car/LANCEREVOX.FBX
  artifactKey: Guid(8d3f1d2707bda1b4db09cb9819ad4fb4) Importer(815301076,1909f56bfc062723c751e8b465ee728b)
Start importing Assets/Models/Car/LANCEREVOX.FBX using Guid(8d3f1d2707bda1b4db09cb9819ad4fb4) Importer(815301076,1909f56bfc062723c751e8b465ee728b)  -> (artifact id: '3c065ea89aa3104315f8ff9bf137c723') in 1.316650 seconds 
  Import took 1.323046 seconds .

========================================================================
Received Prepare
Registering precompiled user dll's ...
Registered in 0.019128 seconds.
Begin MonoManager ReloadAssembly
Native extension for WindowsStandalone target not found
Refreshing native plugins compatible for Editor in 0.72 ms, found 3 plugins.
Preloading 0 native plugins for Editor in 0.00 ms.
Mono: successfully reloaded assembly
- Completed reload, in  1.717 seconds
Platform modules already initialized, skipping
OnLevelWasLoaded was found on Menu
This message has been deprecated and will be removed in a later version of Unity.
Add a delegate to SceneManager.sceneLoaded instead to get notifications after scene loading has completed

Refreshing native plugins compatible for Editor in 1.02 ms, found 3 plugins.
Preloading 0 native plugins for Editor in 0.00 ms.
Unloading 1568 Unused Serialized files (Serialized files now loaded: 0)
System memory in use before: 77.2 MB.
System memory in use after: 77.3 MB.

Unloading 20 unused Assets to reduce memory usage. Loaded Objects now: 2037.
Total: 5.580300 ms (FindLiveObjects: 0.304100 ms CreateObjectMapping: 0.163900 ms MarkObjects: 5.059800 ms  DeleteObjects: 0.050100 ms)

AssetImportParameters requested are different than current active one (requested -> active):
  custom:framework-win-MediaFoundation: 216162199b28c13a410421893ffa2e32 -> 
  custom:video-decoder-ogg-theora: a1e56fd34408186e4bbccfd4996cb3dc -> 
  custom:container-muxer-webm: aa71ff27fc2769a1b78a27578f13a17b -> 
  custom:container-demuxer-webm: 4f35f7cbe854078d1ac9338744f61a02 -> 
  custom:container-demuxer-ogg: 62fdf1f143b41e24485cea50d1cbac27 -> 
  custom:video-encoder-webm-vp8: eb34c28f22e8b96e1ab97ce403110664 -> 
  custom:video-decoder-webm-vp8: 9c59270c3fd7afecdb556c50c9e8de78 -> 
  custom:audio-decoder-ogg-vorbis: bf7c407c2cedff20999df2af8eb42d56 -> 
  custom:audio-encoder-webm-vorbis: bf7c407c2cedff20999df2af8eb42d56 -> 
========================================================================
Received Import Request.
  Time since last request: 16.536392 seconds.
  path: Assets/Models/Car/Materials
  artifactKey: Guid(0fe67f63def0ccc4faf26d837db489c5) Importer(815301076,1909f56bfc062723c751e8b465ee728b)
Start importing Assets/Models/Car/Materials using Guid(0fe67f63def0ccc4faf26d837db489c5) Importer(815301076,1909f56bfc062723c751e8b465ee728b)  -> (artifact id: '0602828c5ca5b4afbdba869502da79d3') in 0.011900 seconds 
  Import took 0.020890 seconds .

========================================================================
Received Import Request.
  Time since last request: 0.054491 seconds.
  path: Assets/Models/Car/Materials/black m.mat
  artifactKey: Guid(7df9988ac6ece3e4085ecb5572f069f5) Importer(815301076,1909f56bfc062723c751e8b465ee728b)
Start importing Assets/Models/Car/Materials/black m.mat using Guid(7df9988ac6ece3e4085ecb5572f069f5) Importer(815301076,1909f56bfc062723c751e8b465ee728b)  -> (artifact id: '7fae1cf6d11ef68f3c0dce235cd47a8f') in 0.134293 seconds 
  Import took 0.138767 seconds .

========================================================================
Received Import Request.
  Time since last request: 0.000395 seconds.
  path: Assets/Models/Car/Materials/BOTTOM.mat
  artifactKey: Guid(b07718bd0f4239a4a8379e471b35ed7e) Importer(815301076,1909f56bfc062723c751e8b465ee728b)
Start importing Assets/Models/Car/Materials/BOTTOM.mat using Guid(b07718bd0f4239a4a8379e471b35ed7e) Importer(815301076,1909f56bfc062723c751e8b465ee728b)  -> (artifact id: '0d674bc8ecf1771792414c87329204bd') in 0.019598 seconds 
  Import took 0.026237 seconds .

========================================================================
Received Import Request.
  Time since last request: 0.000769 seconds.
  path: Assets/Models/Car/Materials/chrom.mat
  artifactKey: Guid(861c0761bf0141747bd21261942da5ef) Importer(815301076,1909f56bfc062723c751e8b465ee728b)
Start importing Assets/Models/Car/Materials/chrom.mat using Guid(861c0761bf0141747bd21261942da5ef) Importer(815301076,1909f56bfc062723c751e8b465ee728b)  -> (artifact id: '43b0ecaceac7b211d3556192f8e097b7') in 0.033257 seconds 
  Import took 0.039435 seconds .

========================================================================
Received Import Request.
  Time since last request: 0.000732 seconds.
  path: Assets/Models/Car/Materials/Black.mat
  artifactKey: Guid(dc6ee47f4a88da045a1d0321fbbe608d) Importer(815301076,1909f56bfc062723c751e8b465ee728b)
Start importing Assets/Models/Car/Materials/Black.mat using Guid(dc6ee47f4a88da045a1d0321fbbe608d) Importer(815301076,1909f56bfc062723c751e8b465ee728b)  -> (artifact id: 'ca363d89ebc562cdac885f978bff1b09') in 0.030651 seconds 
  Import took 0.035290 seconds .

========================================================================
Received Import Request.
  Time since last request: 0.000440 seconds.
  path: Assets/Models/Car/Materials/body.mat
  artifactKey: Guid(f635625b5a1ca464685bc9c7abad4c63) Importer(815301076,1909f56bfc062723c751e8b465ee728b)
Start importing Assets/Models/Car/Materials/body.mat using Guid(f635625b5a1ca464685bc9c7abad4c63) Importer(815301076,1909f56bfc062723c751e8b465ee728b)  -> (artifact id: '6374ef1cc276bec00f60253adbf8227a') in 0.032265 seconds 
  Import took 0.038438 seconds .

========================================================================
Received Import Request.
  Time since last request: 0.000483 seconds.
  path: Assets/Models/Car/Materials/d glass.mat
  artifactKey: Guid(fbb72c4188e244d42a7821be7168f06c) Importer(815301076,1909f56bfc062723c751e8b465ee728b)
Start importing Assets/Models/Car/Materials/d glass.mat using Guid(fbb72c4188e244d42a7821be7168f06c) Importer(815301076,1909f56bfc062723c751e8b465ee728b)  -> (artifact id: 'a3373704484e904a2b4eced338f29302') in 0.058084 seconds 
  Import took 0.063060 seconds .

========================================================================
Received Import Request.
  Time since last request: 0.000500 seconds.
  path: Assets/Models/Car/Materials/chrome.mat
  artifactKey: Guid(b51ab30cb2088e1429bf8f04b97b4135) Importer(815301076,1909f56bfc062723c751e8b465ee728b)
Start importing Assets/Models/Car/Materials/chrome.mat using Guid(b51ab30cb2088e1429bf8f04b97b4135) Importer(815301076,1909f56bfc062723c751e8b465ee728b)  -> (artifact id: '57126192146c49c504efb674c514d933') in 0.022905 seconds 
  Import took 0.028641 seconds .

========================================================================
Received Import Request.
  Time since last request: 0.000531 seconds.
  path: Assets/Models/Car/Materials/BRAKDISC.mat
  artifactKey: Guid(25087649169589143b1011e425ce9543) Importer(815301076,1909f56bfc062723c751e8b465ee728b)
Start importing Assets/Models/Car/Materials/BRAKDISC.mat using Guid(25087649169589143b1011e425ce9543) Importer(815301076,1909f56bfc062723c751e8b465ee728b)  -> (artifact id: '21ac9d4045600bec76bc3fa8c04460a5') in 0.056149 seconds 
  Import took 0.061168 seconds .

========================================================================
Received Import Request.
  Time since last request: 0.000533 seconds.
  path: Assets/Models/Car/Materials/Body paint.mat
  artifactKey: Guid(78fd7dbb462138c4aaaad5c6f2161785) Importer(815301076,1909f56bfc062723c751e8b465ee728b)
Start importing Assets/Models/Car/Materials/Body paint.mat using Guid(78fd7dbb462138c4aaaad5c6f2161785) Importer(815301076,1909f56bfc062723c751e8b465ee728b)  -> (artifact id: 'd1855ba445a7d45e56e4c103748348d3') in 0.025931 seconds 
  Import took 0.031900 seconds .

========================================================================
Received Import Request.
  Time since last request: 1.116325 seconds.
  path: Assets/Models/Car/Materials/dash.mat
  artifactKey: Guid(edebf673ed91d06458c483ba9428ae42) Importer(815301076,1909f56bfc062723c751e8b465ee728b)
Start importing Assets/Models/Car/Materials/dash.mat using Guid(edebf673ed91d06458c483ba9428ae42) Importer(815301076,1909f56bfc062723c751e8b465ee728b)  -> (artifact id: '683f744867720d048792af8e3cc5bf06') in 0.018724 seconds 
  Import took 0.023400 seconds .

========================================================================
Received Import Request.
  Time since last request: 0.000462 seconds.
  path: Assets/Models/Car/Materials/DOOR.mat
  artifactKey: Guid(d901848b026f6fe43990132704abafe2) Importer(815301076,1909f56bfc062723c751e8b465ee728b)
Start importing Assets/Models/Car/Materials/DOOR.mat using Guid(d901848b026f6fe43990132704abafe2) Importer(815301076,1909f56bfc062723c751e8b465ee728b)  -> (artifact id: '4fde3f8296c03ff8ed5f870e907d99db') in 0.019464 seconds 
  Import took 0.027832 seconds .

========================================================================
Received Import Request.
  Time since last request: 0.153910 seconds.
  path: Assets/Models/Car/Materials/DOORLINE.mat
  artifactKey: Guid(fb5a5b1d5b5b79e4e9044da87e9d6d72) Importer(815301076,1909f56bfc062723c751e8b465ee728b)
Start importing Assets/Models/Car/Materials/DOORLINE.mat using Guid(fb5a5b1d5b5b79e4e9044da87e9d6d72) Importer(815301076,1909f56bfc062723c751e8b465ee728b)  -> (artifact id: 'd8ab5b1350ccd0db73a716e145890eb8') in 0.015912 seconds 
  Import took 0.020402 seconds .

========================================================================
Received Import Request.
  Time since last request: 0.000444 seconds.
  path: Assets/Models/Car/Materials/DRIVER SPORT.mat
  artifactKey: Guid(f13970550e6dc4d4abcc2ced33b3915b) Importer(815301076,1909f56bfc062723c751e8b465ee728b)
Start importing Assets/Models/Car/Materials/DRIVER SPORT.mat using Guid(f13970550e6dc4d4abcc2ced33b3915b) Importer(815301076,1909f56bfc062723c751e8b465ee728b)  -> (artifact id: 'a928d7eb3fe6909f3a9dae2cefc61e15') in 0.017664 seconds 
  Import took 0.022489 seconds .

========================================================================
Received Import Request.
  Time since last request: 0.078102 seconds.
  path: Assets/Models/Car/Materials/DRIVER.mat
  artifactKey: Guid(f2f611f507582414b880837110841847) Importer(815301076,1909f56bfc062723c751e8b465ee728b)
Start importing Assets/Models/Car/Materials/DRIVER.mat using Guid(f2f611f507582414b880837110841847) Importer(815301076,1909f56bfc062723c751e8b465ee728b)  -> (artifact id: '6cef73b433f079c78b50f370a64f6c94') in 0.031841 seconds 
  Import took 0.039195 seconds .

========================================================================
Received Import Request.
  Time since last request: 0.000653 seconds.
  path: Assets/Models/Car/Materials/Dust2.mat
  artifactKey: Guid(e5be29c453280e041847ffbe742e620d) Importer(815301076,1909f56bfc062723c751e8b465ee728b)
Start importing Assets/Models/Car/Materials/Dust2.mat using Guid(e5be29c453280e041847ffbe742e620d) Importer(815301076,1909f56bfc062723c751e8b465ee728b)  -> (artifact id: '8b41653638b3d2df9453e09a8cd204e1') in 0.032411 seconds 
  Import took 0.037297 seconds .

========================================================================
Received Import Request.
  Time since last request: 0.172983 seconds.
  path: Assets/Models/Car/Materials/glass.mat
  artifactKey: Guid(b9ddef3b45041534c82f39f756636e87) Importer(815301076,1909f56bfc062723c751e8b465ee728b)
Start importing Assets/Models/Car/Materials/glass.mat using Guid(b9ddef3b45041534c82f39f756636e87) Importer(815301076,1909f56bfc062723c751e8b465ee728b)  -> (artifact id: 'f9e3452caf2f309fb0211eef1b701db8') in 0.021309 seconds 
  Import took 0.028425 seconds .

========================================================================
Received Import Request.
  Time since last request: 0.000473 seconds.
  path: Assets/Models/Car/Materials/GlassOrange.mat
  artifactKey: Guid(cbb76aeaf511b664f9d1741902e1345b) Importer(815301076,1909f56bfc062723c751e8b465ee728b)
Start importing Assets/Models/Car/Materials/GlassOrange.mat using Guid(cbb76aeaf511b664f9d1741902e1345b) Importer(815301076,1909f56bfc062723c751e8b465ee728b)  -> (artifact id: 'a245e766a684ad18de70f9a81b1d237c') in 0.024166 seconds 
  Import took 0.032409 seconds .

========================================================================
Received Import Request.
  Time since last request: 0.000456 seconds.
  path: Assets/Models/Car/Materials/Ground.mat
  artifactKey: Guid(4a2fc7ac3ffdbc94fafb183de57e4890) Importer(815301076,1909f56bfc062723c751e8b465ee728b)
Start importing Assets/Models/Car/Materials/Ground.mat using Guid(4a2fc7ac3ffdbc94fafb183de57e4890) Importer(815301076,1909f56bfc062723c751e8b465ee728b)  -> (artifact id: 'addc19e41cd8b910f18e800eb3a63ddc') in 0.031780 seconds 
  Import took 0.036759 seconds .

========================================================================
Received Import Request.
  Time since last request: 0.000473 seconds.
  path: Assets/Models/Car/Materials/grey.mat
  artifactKey: Guid(0f7f54cfc3d10494ea2e812ace710eef) Importer(815301076,1909f56bfc062723c751e8b465ee728b)
Start importing Assets/Models/Car/Materials/grey.mat using Guid(0f7f54cfc3d10494ea2e812ace710eef) Importer(815301076,1909f56bfc062723c751e8b465ee728b)  -> (artifact id: 'ca6fd492948570f3413205278555b5fd') in 0.028173 seconds 
  Import took 0.033128 seconds .

========================================================================
Received Import Request.
  Time since last request: 0.000482 seconds.
  path: Assets/Models/Car/Materials/Headlight.mat
  artifactKey: Guid(565babd55d7e9504c9db7204db110dd0) Importer(815301076,1909f56bfc062723c751e8b465ee728b)
Start importing Assets/Models/Car/Materials/Headlight.mat using Guid(565babd55d7e9504c9db7204db110dd0) Importer(815301076,1909f56bfc062723c751e8b465ee728b)  -> (artifact id: '2671134ffcaa4ba94913c90a9755be9b') in 0.030124 seconds 
  Import took 0.037053 seconds .

========================================================================
Received Import Request.
  Time since last request: 0.000129 seconds.
  path: Assets/Models/Car/Materials/LANCEREVOX BADGING.mat
  artifactKey: Guid(57407fcf9eb08e348a3f1494fe31a1cb) Importer(815301076,1909f56bfc062723c751e8b465ee728b)
Start importing Assets/Models/Car/Materials/LANCEREVOX BADGING.mat using Guid(57407fcf9eb08e348a3f1494fe31a1cb) Importer(815301076,1909f56bfc062723c751e8b465ee728b)  -> (artifact id: 'da573deac5ae7f274dd9d7954ce067d7') in 0.054078 seconds 
  Import took 0.059945 seconds .

========================================================================
Received Import Request.
  Time since last request: 0.000440 seconds.
  path: Assets/Models/Car/Materials/Interior.mat
  artifactKey: Guid(d08518dfaad242c4c9554640385055cc) Importer(815301076,1909f56bfc062723c751e8b465ee728b)
Start importing Assets/Models/Car/Materials/Interior.mat using Guid(d08518dfaad242c4c9554640385055cc) Importer(815301076,1909f56bfc062723c751e8b465ee728b)  -> (artifact id: 'a11bc906c69d55d650eef7f88dce3264') in 0.025526 seconds 
  Import took 0.031071 seconds .

========================================================================
Received Import Request.
  Time since last request: 0.000557 seconds.
  path: Assets/Models/Car/Materials/HubRust.mat
  artifactKey: Guid(c70c53e45b4cdbc4ab0d9419dafac2a0) Importer(815301076,1909f56bfc062723c751e8b465ee728b)
Start importing Assets/Models/Car/Materials/HubRust.mat using Guid(c70c53e45b4cdbc4ab0d9419dafac2a0) Importer(815301076,1909f56bfc062723c751e8b465ee728b)  -> (artifact id: '8e0960dd2f5bdbf8f7ef2f7d9810c4c9') in 0.051435 seconds 
  Import took 0.058444 seconds .

========================================================================
Received Import Request.
  Time since last request: 0.000456 seconds.
  path: Assets/Models/Car/Materials/HOODTRUNK.mat
  artifactKey: Guid(b812692825345d948bc0dd3d457868dc) Importer(815301076,1909f56bfc062723c751e8b465ee728b)
Start importing Assets/Models/Car/Materials/HOODTRUNK.mat using Guid(b812692825345d948bc0dd3d457868dc) Importer(815301076,1909f56bfc062723c751e8b465ee728b)  -> (artifact id: 'c82a8bb47918faf8c63aa3a41971e4f2') in 0.018468 seconds 
  Import took 0.023908 seconds .

========================================================================
Received Import Request.
  Time since last request: 0.000509 seconds.
  path: Assets/Models/Car/Materials/GlassRed.mat
  artifactKey: Guid(3d807a9c062a12947aae9f7d84eda6dc) Importer(815301076,1909f56bfc062723c751e8b465ee728b)
Start importing Assets/Models/Car/Materials/GlassRed.mat using Guid(3d807a9c062a12947aae9f7d84eda6dc) Importer(815301076,1909f56bfc062723c751e8b465ee728b)  -> (artifact id: '5784b076a6aea8c53b0887badb519d70') in 0.028756 seconds 
  Import took 0.034851 seconds .

========================================================================
Received Import Request.
  Time since last request: 0.000600 seconds.
  path: Assets/Models/Car/Materials/LANCEREVOX ENGINE.mat
  artifactKey: Guid(b7d76922f68658c45a49aa5eb9848b31) Importer(815301076,1909f56bfc062723c751e8b465ee728b)
Start importing Assets/Models/Car/Materials/LANCEREVOX ENGINE.mat using Guid(b7d76922f68658c45a49aa5eb9848b31) Importer(815301076,1909f56bfc062723c751e8b465ee728b)  -> (artifact id: 'e46432d9406de77f256b08c83995162b') in 0.038422 seconds 
  Import took 0.045187 seconds .

========================================================================
Received Import Request.
  Time since last request: 0.000442 seconds.
  path: Assets/Models/Car/Materials/LANCEREVOX HEADLIGHT.mat
  artifactKey: Guid(200c231574a722a4d9742ae9a73b0880) Importer(815301076,1909f56bfc062723c751e8b465ee728b)
Start importing Assets/Models/Car/Materials/LANCEREVOX HEADLIGHT.mat using Guid(200c231574a722a4d9742ae9a73b0880) Importer(815301076,1909f56bfc062723c751e8b465ee728b)  -> (artifact id: '10d4ee77db120b6cb6cb247600534ff5') in 0.026323 seconds 
  Import took 0.031783 seconds .

========================================================================
Received Import Request.
  Time since last request: 0.000447 seconds.
  path: Assets/Models/Car/Materials/LANCEREVOX MISC MIRROR.mat
  artifactKey: Guid(28872f3db4714104d941e0cc21551632) Importer(815301076,1909f56bfc062723c751e8b465ee728b)
Start importing Assets/Models/Car/Materials/LANCEREVOX MISC MIRROR.mat using Guid(28872f3db4714104d941e0cc21551632) Importer(815301076,1909f56bfc062723c751e8b465ee728b)  -> (artifact id: '6e67ff34e5e4181c810a967f779a5057') in 0.053118 seconds 
  Import took 0.060231 seconds .

========================================================================
Received Import Request.
  Time since last request: 0.000490 seconds.
  path: Assets/Models/Car/Materials/LICENSE.mat
  artifactKey: Guid(4e8a83109d3ea314aa447dcac6ad4131) Importer(815301076,1909f56bfc062723c751e8b465ee728b)
Start importing Assets/Models/Car/Materials/LICENSE.mat using Guid(4e8a83109d3ea314aa447dcac6ad4131) Importer(815301076,1909f56bfc062723c751e8b465ee728b)  -> (artifact id: 'd67067401d9e11824a4efa17610fd46c') in 0.022274 seconds 
  Import took 0.034084 seconds .

========================================================================
Received Import Request.
  Time since last request: 0.000528 seconds.
  path: Assets/Models/Car/Materials/LANCEREVOX INTERIOR.mat
  artifactKey: Guid(73c25cac98f49cd4ba28f574fdc4adb5) Importer(815301076,1909f56bfc062723c751e8b465ee728b)
Start importing Assets/Models/Car/Materials/LANCEREVOX INTERIOR.mat using Guid(73c25cac98f49cd4ba28f574fdc4adb5) Importer(815301076,1909f56bfc062723c751e8b465ee728b)  -> (artifact id: '54a925be9f6a74a08fd8493932b18b25') in 0.036600 seconds 
  Import took 0.041933 seconds .

========================================================================
Received Import Request.
  Time since last request: 0.000477 seconds.
  path: Assets/Models/Car/Materials/LANCEREVOX MISC.mat
  artifactKey: Guid(7b9cda012216402408cac8a91b5a08d5) Importer(815301076,1909f56bfc062723c751e8b465ee728b)
Start importing Assets/Models/Car/Materials/LANCEREVOX MISC.mat using Guid(7b9cda012216402408cac8a91b5a08d5) Importer(815301076,1909f56bfc062723c751e8b465ee728b)  -> (artifact id: 'ecea6c79514fa3a393dd879ebfccd2ad') in 0.026577 seconds 
  Import took 0.031640 seconds .

========================================================================
Received Import Request.
  Time since last request: 0.000427 seconds.
  path: Assets/Models/Car/Materials/Material #607.mat
  artifactKey: Guid(0ac7a088ca28b22468c54d8f6a6c87c0) Importer(815301076,1909f56bfc062723c751e8b465ee728b)
Start importing Assets/Models/Car/Materials/Material #607.mat using Guid(0ac7a088ca28b22468c54d8f6a6c87c0) Importer(815301076,1909f56bfc062723c751e8b465ee728b)  -> (artifact id: '0d91ca30646b7fd7fc8f5c21b02438d1') in 0.054839 seconds 
  Import took 0.059484 seconds .

========================================================================
Received Import Request.
  Time since last request: 0.000688 seconds.
  path: Assets/Models/Car/Materials/Material #608.mat
  artifactKey: Guid(b2d2a1d6716559b4f9aab9fc1288cd73) Importer(815301076,1909f56bfc062723c751e8b465ee728b)
Start importing Assets/Models/Car/Materials/Material #608.mat using Guid(b2d2a1d6716559b4f9aab9fc1288cd73) Importer(815301076,1909f56bfc062723c751e8b465ee728b)  -> (artifact id: '10bd44c8b90e239669d7957c28f7f695') in 0.021655 seconds 
  Import took 0.026251 seconds .

========================================================================
Received Import Request.
  Time since last request: 0.000553 seconds.
  path: Assets/Models/Car/Materials/Material #615.mat
  artifactKey: Guid(3ace5c5d36fc3724aaa40139d0c960b4) Importer(815301076,1909f56bfc062723c751e8b465ee728b)
Start importing Assets/Models/Car/Materials/Material #615.mat using Guid(3ace5c5d36fc3724aaa40139d0c960b4) Importer(815301076,1909f56bfc062723c751e8b465ee728b)  -> (artifact id: 'c8e8ebce346f040be8db8d8a5d8b2744') in 0.052932 seconds 
  Import took 0.058824 seconds .

========================================================================
Received Import Request.
  Time since last request: 0.000445 seconds.
  path: Assets/Models/Car/Materials/metallic_silver.mat
  artifactKey: Guid(9983e3e7ea4a7614d875b2a7dbb0c782) Importer(815301076,1909f56bfc062723c751e8b465ee728b)
Start importing Assets/Models/Car/Materials/metallic_silver.mat using Guid(9983e3e7ea4a7614d875b2a7dbb0c782) Importer(815301076,1909f56bfc062723c751e8b465ee728b)  -> (artifact id: 'd4a8410f5bf82313d2f62bdf72f462d7') in 0.029248 seconds 
  Import took 0.035233 seconds .

========================================================================
Received Import Request.
  Time since last request: 0.000553 seconds.
  path: Assets/Models/Car/Materials/Material #596.mat
  artifactKey: Guid(f9cc585fd0ddd6446abb9f9f5da6ef09) Importer(815301076,1909f56bfc062723c751e8b465ee728b)
Start importing Assets/Models/Car/Materials/Material #596.mat using Guid(f9cc585fd0ddd6446abb9f9f5da6ef09) Importer(815301076,1909f56bfc062723c751e8b465ee728b)  -> (artifact id: '26479ab573ef2b6b5330de487281a1cb') in 0.036761 seconds 
  Import took 0.042233 seconds .

========================================================================
Received Import Request.
  Time since last request: 0.000468 seconds.
  path: Assets/Models/Car/Materials/LANCEREVOX BRAKELIGHT.mat
  artifactKey: Guid(9c8f804f63c5a3d44a5230d68410deaa) Importer(815301076,1909f56bfc062723c751e8b465ee728b)
Start importing Assets/Models/Car/Materials/LANCEREVOX BRAKELIGHT.mat using Guid(9c8f804f63c5a3d44a5230d68410deaa) Importer(815301076,1909f56bfc062723c751e8b465ee728b)  -> (artifact id: '53f492e32774565562ff8267e06185f7') in 0.033287 seconds 
  Import took 0.040091 seconds .

========================================================================
Received Import Request.
  Time since last request: 0.000569 seconds.
  path: Assets/Models/Car/Materials/Material #600.mat
  artifactKey: Guid(c1fcb40194133a04fb826e6d7cf12dc7) Importer(815301076,1909f56bfc062723c751e8b465ee728b)
Start importing Assets/Models/Car/Materials/Material #600.mat using Guid(c1fcb40194133a04fb826e6d7cf12dc7) Importer(815301076,1909f56bfc062723c751e8b465ee728b)  -> (artifact id: 'a1c9fa6e671d95d22d97c888cb57141a') in 0.036609 seconds 
  Import took 0.042682 seconds .

========================================================================
Received Import Request.
  Time since last request: 0.000488 seconds.
  path: Assets/Models/Car/Materials/Material #609.mat
  artifactKey: Guid(cc827bef242dca74db1f879175790a63) Importer(815301076,1909f56bfc062723c751e8b465ee728b)
Start importing Assets/Models/Car/Materials/Material #609.mat using Guid(cc827bef242dca74db1f879175790a63) Importer(815301076,1909f56bfc062723c751e8b465ee728b)  -> (artifact id: 'bae057415fc2fb7e32664b81fa87898b') in 0.018397 seconds 
  Import took 0.024005 seconds .

========================================================================
Received Import Request.
  Time since last request: 0.000495 seconds.
  path: Assets/Models/Car/Materials/Material #611.mat
  artifactKey: Guid(2f9e67b34dac17d40be548221a4758c1) Importer(815301076,1909f56bfc062723c751e8b465ee728b)
Start importing Assets/Models/Car/Materials/Material #611.mat using Guid(2f9e67b34dac17d40be548221a4758c1) Importer(815301076,1909f56bfc062723c751e8b465ee728b)  -> (artifact id: 'a2df8066b2f68146fc5790f8ed2128eb') in 0.019931 seconds 
  Import took 0.025918 seconds .

========================================================================
Received Import Request.
  Time since last request: 0.000421 seconds.
  path: Assets/Models/Car/Materials/Mirror.mat
  artifactKey: Guid(10d2c67eb362fa04ab938fb82c6bd12b) Importer(815301076,1909f56bfc062723c751e8b465ee728b)
Start importing Assets/Models/Car/Materials/Mirror.mat using Guid(10d2c67eb362fa04ab938fb82c6bd12b) Importer(815301076,1909f56bfc062723c751e8b465ee728b)  -> (artifact id: '5fd2a1430ebfae2004352665a78b8e66') in 0.044734 seconds 
  Import took 0.051596 seconds .

========================================================================
Received Import Request.
  Time since last request: 0.000431 seconds.
  path: Assets/Models/Car/Materials/mirror_line.mat
  artifactKey: Guid(d88efd6a0a4d9b341800cc6824ce4b66) Importer(815301076,1909f56bfc062723c751e8b465ee728b)
Start importing Assets/Models/Car/Materials/mirror_line.mat using Guid(d88efd6a0a4d9b341800cc6824ce4b66) Importer(815301076,1909f56bfc062723c751e8b465ee728b)  -> (artifact id: '9e27b27453bfabe68d9ee9095180a5bd') in 0.029636 seconds 
  Import took 0.036196 seconds .

========================================================================
Received Import Request.
  Time since last request: 0.000708 seconds.
  path: Assets/Models/Car/Materials/MURCIELAGO640 INTERIOR.mat
  artifactKey: Guid(defad8ae18eb5f94da9d5c117384c7a5) Importer(815301076,1909f56bfc062723c751e8b465ee728b)
Start importing Assets/Models/Car/Materials/MURCIELAGO640 INTERIOR.mat using Guid(defad8ae18eb5f94da9d5c117384c7a5) Importer(815301076,1909f56bfc062723c751e8b465ee728b)  -> (artifact id: '8f4ef40a3c64d025d5d9774cc194908b') in 0.034111 seconds 
  Import took 0.042190 seconds .

========================================================================
Received Import Request.
  Time since last request: 0.000452 seconds.
  path: Assets/Models/Car/Materials/Misc.mat
  artifactKey: Guid(fa390d3eeeea9854e9321f11feaa86b1) Importer(815301076,1909f56bfc062723c751e8b465ee728b)
Start importing Assets/Models/Car/Materials/Misc.mat using Guid(fa390d3eeeea9854e9321f11feaa86b1) Importer(815301076,1909f56bfc062723c751e8b465ee728b)  -> (artifact id: '780abcc10f534c58011929fe3b02da25') in 0.022646 seconds 
  Import took 0.027880 seconds .

========================================================================
Received Import Request.
  Time since last request: 0.000553 seconds.
  path: Assets/Models/Car/Materials/MURCIELAGO640 MISC MIRROR.mat
  artifactKey: Guid(77a0afcfd30643a4286f486f29271098) Importer(815301076,1909f56bfc062723c751e8b465ee728b)
Start importing Assets/Models/Car/Materials/MURCIELAGO640 MISC MIRROR.mat using Guid(77a0afcfd30643a4286f486f29271098) Importer(815301076,1909f56bfc062723c751e8b465ee728b)  -> (artifact id: '677d2c1459162ec95d7216613a301168') in 0.053052 seconds 
  Import took 0.058606 seconds .

========================================================================
Received Import Request.
  Time since last request: 0.000442 seconds.
  path: Assets/Models/Car/Materials/MURCIELAGO640 BRAKELIGHT.mat
  artifactKey: Guid(3b8fb932330c6664db7101379f378a4f) Importer(815301076,1909f56bfc062723c751e8b465ee728b)
Start importing Assets/Models/Car/Materials/MURCIELAGO640 BRAKELIGHT.mat using Guid(3b8fb932330c6664db7101379f378a4f) Importer(815301076,1909f56bfc062723c751e8b465ee728b)  -> (artifact id: '44041a75e3dc5a2256b5b29927c37a67') in 0.024267 seconds 
  Import took 0.029397 seconds .

========================================================================
Received Import Request.
  Time since last request: 0.000432 seconds.
  path: Assets/Models/Car/Materials/o glass.mat
  artifactKey: Guid(c93b4a329d0c3ca4b98168bae3db4071) Importer(815301076,1909f56bfc062723c751e8b465ee728b)
Start importing Assets/Models/Car/Materials/o glass.mat using Guid(c93b4a329d0c3ca4b98168bae3db4071) Importer(815301076,1909f56bfc062723c751e8b465ee728b)  -> (artifact id: '289c46f34948dfe21aeacaac0d7ffbf4') in 0.052743 seconds 
  Import took 0.058889 seconds .

========================================================================
Received Import Request.
  Time since last request: 0.000561 seconds.
  path: Assets/Models/Car/Materials/plastik.mat
  artifactKey: Guid(411fc8e07cf17c34795eaa0ad8a3ae44) Importer(815301076,1909f56bfc062723c751e8b465ee728b)
Start importing Assets/Models/Car/Materials/plastik.mat using Guid(411fc8e07cf17c34795eaa0ad8a3ae44) Importer(815301076,1909f56bfc062723c751e8b465ee728b)  -> (artifact id: 'db3b92cdd3e64a826db6bc4c607a97c3') in 0.025550 seconds 
  Import took 0.034374 seconds .

========================================================================
Received Import Request.
  Time since last request: 0.000580 seconds.
  path: Assets/Models/Car/Materials/red.mat
  artifactKey: Guid(cb71ef8f8bbb4014fa2613510462edef) Importer(815301076,1909f56bfc062723c751e8b465ee728b)
Start importing Assets/Models/Car/Materials/red.mat using Guid(cb71ef8f8bbb4014fa2613510462edef) Importer(815301076,1909f56bfc062723c751e8b465ee728b)  -> (artifact id: '37a074071a4edc9852dac6f329e260a3') in 0.043952 seconds 
  Import took 0.050175 seconds .

========================================================================
Received Import Request.
  Time since last request: 0.000502 seconds.
  path: Assets/Models/Car/Materials/Plastic.mat
  artifactKey: Guid(a1a072dc49dc49747a7beabf88fe7455) Importer(815301076,1909f56bfc062723c751e8b465ee728b)
Start importing Assets/Models/Car/Materials/Plastic.mat using Guid(a1a072dc49dc49747a7beabf88fe7455) Importer(815301076,1909f56bfc062723c751e8b465ee728b)  -> (artifact id: 'c8f8ae98d655c4cdd1a18f5535cb10be') in 0.030952 seconds 
  Import took 0.036686 seconds .

========================================================================
Received Import Request.
  Time since last request: 0.000331 seconds.
  path: Assets/Models/Car/Materials/Rubber.mat
  artifactKey: Guid(58ced581d64fc4d4b9386d4623398a71) Importer(815301076,1909f56bfc062723c751e8b465ee728b)
Start importing Assets/Models/Car/Materials/Rubber.mat using Guid(58ced581d64fc4d4b9386d4623398a71) Importer(815301076,1909f56bfc062723c751e8b465ee728b)  -> (artifact id: 'dbf1d2d9101614cd4c75303fd7818262') in 0.034708 seconds 
  Import took 0.041715 seconds .

========================================================================
Received Import Request.
  Time since last request: 0.000500 seconds.
  path: Assets/Models/Car/Materials/MURCIELAGO640 MISC.mat
  artifactKey: Guid(4be96126692c3df46a7f019c3f7654da) Importer(815301076,1909f56bfc062723c751e8b465ee728b)
Start importing Assets/Models/Car/Materials/MURCIELAGO640 MISC.mat using Guid(4be96126692c3df46a7f019c3f7654da) Importer(815301076,1909f56bfc062723c751e8b465ee728b)  -> (artifact id: 'ca4f8aa2dd4d0d09d194239ecc24162a') in 0.027541 seconds 
  Import took 0.034222 seconds .

========================================================================
Received Import Request.
  Time since last request: 0.000679 seconds.
  path: Assets/Models/Car/Materials/MURCIELAGO640 RIM.mat
  artifactKey: Guid(394434f9c48b8d643b5293fc107ae344) Importer(815301076,1909f56bfc062723c751e8b465ee728b)
Start importing Assets/Models/Car/Materials/MURCIELAGO640 RIM.mat using Guid(394434f9c48b8d643b5293fc107ae344) Importer(815301076,1909f56bfc062723c751e8b465ee728b)  -> (artifact id: 'd2268ee8f9e2ebc9e0b46bdd79bbfc2f') in 0.037603 seconds 
  Import took 0.043308 seconds .

========================================================================
Received Import Request.
  Time since last request: 0.000447 seconds.
  path: Assets/Models/Car/Materials/MURCIELAGO640 HEADLIGHT.mat
  artifactKey: Guid(f265a4730fceb354384058a91bba960f) Importer(815301076,1909f56bfc062723c751e8b465ee728b)
Start importing Assets/Models/Car/Materials/MURCIELAGO640 HEADLIGHT.mat using Guid(f265a4730fceb354384058a91bba960f) Importer(815301076,1909f56bfc062723c751e8b465ee728b)  -> (artifact id: '397918daa1310661f3583e6d287e0114') in 0.022694 seconds 
  Import took 0.031590 seconds .

========================================================================
Received Import Request.
  Time since last request: 0.000640 seconds.
  path: Assets/Models/Car/Materials/murcielago640 brakelight glass.mat
  artifactKey: Guid(01666053f272b59479b8f454aa8b463a) Importer(815301076,1909f56bfc062723c751e8b465ee728b)
Start importing Assets/Models/Car/Materials/murcielago640 brakelight glass.mat using Guid(01666053f272b59479b8f454aa8b463a) Importer(815301076,1909f56bfc062723c751e8b465ee728b)  -> (artifact id: 'b824cc6757a64a5c240db0da1330d4b0') in 0.053064 seconds 
  Import took 0.057826 seconds .

========================================================================
Received Import Request.
  Time since last request: 0.000568 seconds.
  path: Assets/Models/Car/Materials/MURCIELAGO640 BADGING.mat
  artifactKey: Guid(f6e5fb4042d93384f8a50a7418842ad6) Importer(815301076,1909f56bfc062723c751e8b465ee728b)
Start importing Assets/Models/Car/Materials/MURCIELAGO640 BADGING.mat using Guid(f6e5fb4042d93384f8a50a7418842ad6) Importer(815301076,1909f56bfc062723c751e8b465ee728b)  -> (artifact id: '72ccff92f81249d37132299bc4f7b51a') in 0.020517 seconds 
  Import took 0.026363 seconds .

========================================================================
Received Import Request.
  Time since last request: 0.000723 seconds.
  path: Assets/Models/Car/Materials/Seat Sport.mat
  artifactKey: Guid(a68d9f68472d6f04fb040f150bbe00d0) Importer(815301076,1909f56bfc062723c751e8b465ee728b)
Start importing Assets/Models/Car/Materials/Seat Sport.mat using Guid(a68d9f68472d6f04fb040f150bbe00d0) Importer(815301076,1909f56bfc062723c751e8b465ee728b)  -> (artifact id: 'b2497eb0666ea4874632bfded2e8d17e') in 0.026819 seconds 
  Import took 0.034549 seconds .

========================================================================
Received Import Request.
  Time since last request: 0.138066 seconds.
  path: Assets/Models/Car/Materials/mini_emblem.mat
  artifactKey: Guid(b04e6c7494804b64dac8f0e559affb80) Importer(815301076,1909f56bfc062723c751e8b465ee728b)
Start importing Assets/Models/Car/Materials/mini_emblem.mat using Guid(b04e6c7494804b64dac8f0e559affb80) Importer(815301076,1909f56bfc062723c751e8b465ee728b)  -> (artifact id: '2aa0c7856c10cc979d78a66869c5ea60') in 0.018277 seconds 
  Import took 0.022304 seconds .

========================================================================
Received Import Request.
  Time since last request: 5.095008 seconds.
  path: Assets/Models/Car/Materials/silver.mat
  artifactKey: Guid(8ad749c9f2c29d342b52c0b17b60fc5a) Importer(815301076,1909f56bfc062723c751e8b465ee728b)
Start importing Assets/Models/Car/Materials/silver.mat using Guid(8ad749c9f2c29d342b52c0b17b60fc5a) Importer(815301076,1909f56bfc062723c751e8b465ee728b)  -> (artifact id: 'd9e474153d186200f12a45aaaabcc450') in 0.025680 seconds 
  Import took 0.031171 seconds .

========================================================================
Received Import Request.
  Time since last request: 0.000534 seconds.
  path: Assets/Models/Car/Materials/SLR BRAKELIGHT.mat
  artifactKey: Guid(3a61917cd02592b448e76203b5c6c8d3) Importer(815301076,1909f56bfc062723c751e8b465ee728b)
Start importing Assets/Models/Car/Materials/SLR BRAKELIGHT.mat using Guid(3a61917cd02592b448e76203b5c6c8d3) Importer(815301076,1909f56bfc062723c751e8b465ee728b)  -> (artifact id: '8005e30b9e89d9d9ff16d98e148007ed') in 0.026432 seconds 
  Import took 0.032448 seconds .

========================================================================
Received Import Request.
  Time since last request: 0.000447 seconds.
  path: Assets/Models/Car/Materials/SLR HEADLIGHT.mat
  artifactKey: Guid(a2a4b44d584357f4faa71804316ed469) Importer(815301076,1909f56bfc062723c751e8b465ee728b)
Start importing Assets/Models/Car/Materials/SLR HEADLIGHT.mat using Guid(a2a4b44d584357f4faa71804316ed469) Importer(815301076,1909f56bfc062723c751e8b465ee728b)  -> (artifact id: 'e7700901e8fd0c73f37cc8b48473f90b') in 0.058411 seconds 
  Import took 0.064324 seconds .

========================================================================
Received Import Request.
  Time since last request: 0.000423 seconds.
  path: Assets/Models/Car/Materials/SLR INTERIOR.mat
  artifactKey: Guid(58d338ec252287f479d1b5b073656fd8) Importer(815301076,1909f56bfc062723c751e8b465ee728b)
Start importing Assets/Models/Car/Materials/SLR INTERIOR.mat using Guid(58d338ec252287f479d1b5b073656fd8) Importer(815301076,1909f56bfc062723c751e8b465ee728b)  -> (artifact id: 'e0bf908cf8f4a2e02cd8581e48864b9e') in 0.019189 seconds 
  Import took 0.025419 seconds .

========================================================================
Received Import Request.
  Time since last request: 0.001335 seconds.
  path: Assets/Models/Car/Materials/stainless_steel_modeified1.mat
  artifactKey: Guid(30b17fd7597f8074e966cb453bb44f81) Importer(815301076,1909f56bfc062723c751e8b465ee728b)
Start importing Assets/Models/Car/Materials/stainless_steel_modeified1.mat using Guid(30b17fd7597f8074e966cb453bb44f81) Importer(815301076,1909f56bfc062723c751e8b465ee728b)  -> (artifact id: '19576bd27c3449e856ba0cae4e00038d') in 0.031054 seconds 
  Import took 0.038371 seconds .

========================================================================
Received Import Request.
  Time since last request: 0.000501 seconds.
  path: Assets/Models/Car/Materials/stones.mat
  artifactKey: Guid(536fab523df716549aefb12cd31cff44) Importer(815301076,1909f56bfc062723c751e8b465ee728b)
Start importing Assets/Models/Car/Materials/stones.mat using Guid(536fab523df716549aefb12cd31cff44) Importer(815301076,1909f56bfc062723c751e8b465ee728b)  -> (artifact id: 'e9b330485e0735d64af5cd659ea204fc') in 0.029700 seconds 
  Import took 0.035220 seconds .

========================================================================
Received Import Request.
  Time since last request: 0.000468 seconds.
  path: Assets/Models/Car/Materials/Tire Back.mat
  artifactKey: Guid(50441307a8388e54b9bec6ae31fc321e) Importer(815301076,1909f56bfc062723c751e8b465ee728b)
Start importing Assets/Models/Car/Materials/Tire Back.mat using Guid(50441307a8388e54b9bec6ae31fc321e) Importer(815301076,1909f56bfc062723c751e8b465ee728b)  -> (artifact id: 'd71dd8d5a530642ae268f51fdf0da499') in 0.024249 seconds 
  Import took 0.028994 seconds .

========================================================================
Received Import Request.
  Time since last request: 0.000556 seconds.
  path: Assets/Models/Car/Materials/WDEFROST.mat
  artifactKey: Guid(db50bb85aa923164c9970d888f48038d) Importer(815301076,1909f56bfc062723c751e8b465ee728b)
Start importing Assets/Models/Car/Materials/WDEFROST.mat using Guid(db50bb85aa923164c9970d888f48038d) Importer(815301076,1909f56bfc062723c751e8b465ee728b)  -> (artifact id: '9d6fc99dd20e90383b0de14f0ca7ec88') in 0.053859 seconds 
  Import took 0.059154 seconds .

========================================================================
Received Import Request.
  Time since last request: 0.000449 seconds.
  path: Assets/Models/Car/Materials/wheel.mat
  artifactKey: Guid(ded1a4476ca95ac4b80cf05ce9470694) Importer(815301076,1909f56bfc062723c751e8b465ee728b)
Start importing Assets/Models/Car/Materials/wheel.mat using Guid(ded1a4476ca95ac4b80cf05ce9470694) Importer(815301076,1909f56bfc062723c751e8b465ee728b)  -> (artifact id: '118dd585b734c6a7814d3d2a38792648') in 0.022306 seconds 
  Import took 0.030751 seconds .

========================================================================
Received Import Request.
  Time since last request: 0.000488 seconds.
  path: Assets/Models/Car/Materials/SLR RIM.mat
  artifactKey: Guid(0fc6979c0f1921a4c8071ce5ce9ae325) Importer(815301076,1909f56bfc062723c751e8b465ee728b)
Start importing Assets/Models/Car/Materials/SLR RIM.mat using Guid(0fc6979c0f1921a4c8071ce5ce9ae325) Importer(815301076,1909f56bfc062723c751e8b465ee728b)  -> (artifact id: 'e557c4ef52350cb390fcf236b8f3c22c') in 0.052684 seconds 
  Import took 0.058331 seconds .

========================================================================
Received Import Request.
  Time since last request: 0.000495 seconds.
  path: Assets/Models/Car/Materials/SLR MISC.mat
  artifactKey: Guid(b9b4a31c52a25b446920e3622b572d40) Importer(815301076,1909f56bfc062723c751e8b465ee728b)
Start importing Assets/Models/Car/Materials/SLR MISC.mat using Guid(b9b4a31c52a25b446920e3622b572d40) Importer(815301076,1909f56bfc062723c751e8b465ee728b)  -> (artifact id: '5370adb4e585401fd3f0031d39539617') in 0.019257 seconds 
  Import took 0.026241 seconds .

========================================================================
Received Import Request.
  Time since last request: 0.001127 seconds.
  path: Assets/Models/Car/Materials/SLR MISC MIRROR.mat
  artifactKey: Guid(afd6c47a398eeac4b83cbea1adfb8ddd) Importer(815301076,1909f56bfc062723c751e8b465ee728b)
Start importing Assets/Models/Car/Materials/SLR MISC MIRROR.mat using Guid(afd6c47a398eeac4b83cbea1adfb8ddd) Importer(815301076,1909f56bfc062723c751e8b465ee728b)  -> (artifact id: '5cb000f59bc6fd1ff9c30586aea66a97') in 0.053130 seconds 
  Import took 0.058972 seconds .

========================================================================
Received Import Request.
  Time since last request: 0.000458 seconds.
  path: Assets/Models/Car/Materials/wall.mat
  artifactKey: Guid(fa5c29f95e91f424ebecb8e3371c3e81) Importer(815301076,1909f56bfc062723c751e8b465ee728b)
Start importing Assets/Models/Car/Materials/wall.mat using Guid(fa5c29f95e91f424ebecb8e3371c3e81) Importer(815301076,1909f56bfc062723c751e8b465ee728b)  -> (artifact id: 'a442a58c172a338b34164a1eb90e0090') in 0.019835 seconds 
  Import took 0.025130 seconds .

========================================================================
Received Import Request.
  Time since last request: 0.000938 seconds.
  path: Assets/Models/Car/Materials/SLR BADGING.mat
  artifactKey: Guid(cebf605fcd8581248962a4439f585d87) Importer(815301076,1909f56bfc062723c751e8b465ee728b)
Start importing Assets/Models/Car/Materials/SLR BADGING.mat using Guid(cebf605fcd8581248962a4439f585d87) Importer(815301076,1909f56bfc062723c751e8b465ee728b)  -> (artifact id: 'e27635c107edba633a812da4a93fbafa') in 0.047029 seconds 
  Import took 0.054975 seconds .

========================================================================
Received Import Request.
  Time since last request: 0.000473 seconds.
  path: Assets/Models/Car/Materials/TIRE.mat
  artifactKey: Guid(b207528444b1224489278ebaed77925a) Importer(815301076,1909f56bfc062723c751e8b465ee728b)
Start importing Assets/Models/Car/Materials/TIRE.mat using Guid(b207528444b1224489278ebaed77925a) Importer(815301076,1909f56bfc062723c751e8b465ee728b)  -> (artifact id: '2c8575bcd350285fb263997af7e3a982') in 0.033911 seconds 
  Import took 0.041274 seconds .

========================================================================
Received Import Request.
  Time since last request: 8.413633 seconds.
  path: Assets/Scenes/Main.unity
  artifactKey: Guid(05a735a23e5acf046b4cc58f35ce00dc) Importer(815301076,1909f56bfc062723c751e8b465ee728b)
Start importing Assets/Scenes/Main.unity using Guid(05a735a23e5acf046b4cc58f35ce00dc) Importer(815301076,1909f56bfc062723c751e8b465ee728b)  -> (artifact id: '6b74ee3175fe4d3c5ee4673d830a070a') in 0.008296 seconds 
  Import took 0.020510 seconds .

========================================================================
Received Import Request.
  Time since last request: 99.438411 seconds.
  path: Assets/Scripts/UI
  artifactKey: Guid(3b053fc1a129ce3468dc0de73a23983d) Importer(815301076,1909f56bfc062723c751e8b465ee728b)
Start importing Assets/Scripts/UI using Guid(3b053fc1a129ce3468dc0de73a23983d) Importer(815301076,1909f56bfc062723c751e8b465ee728b)  -> (artifact id: '23b92ab56da1fc31b7544fbf78d329a2') in 0.008629 seconds 
  Import took 0.015103 seconds .

========================================================================
Received Import Request.
  Time since last request: 1.722725 seconds.
  path: Assets/Scripts/UI/Menu.cs
  artifactKey: Guid(6d7671c6d132c434b8385e279adb9d99) Importer(815301076,1909f56bfc062723c751e8b465ee728b)
Start importing Assets/Scripts/UI/Menu.cs using Guid(6d7671c6d132c434b8385e279adb9d99) Importer(815301076,1909f56bfc062723c751e8b465ee728b)  -> (artifact id: 'b8bac57d89555f18b863a3d8885a8405') in 0.005310 seconds 
  Import took 0.010112 seconds .

========================================================================
Received Import Request.
  Time since last request: 0.005143 seconds.
  path: Assets/Scripts/UI/Menu.cs
  artifactKey: Guid(6d7671c6d132c434b8385e279adb9d99) Importer(815301076,1909f56bfc062723c751e8b465ee728b)
Start importing Assets/Scripts/UI/Menu.cs using Guid(6d7671c6d132c434b8385e279adb9d99) Importer(815301076,1909f56bfc062723c751e8b465ee728b)  -> (artifact id: 'b8bac57d89555f18b863a3d8885a8405') in 0.007251 seconds 
  Import took 0.013337 seconds .

========================================================================
Received Import Request.
  Time since last request: 98.661912 seconds.
  path: Assets/Models/Garage/Garage.dae
  artifactKey: Guid(7350114901e608c4cb16d15a8d0e3a9b) Importer(815301076,1909f56bfc062723c751e8b465ee728b)
Start importing Assets/Models/Garage/Garage.dae using Guid(7350114901e608c4cb16d15a8d0e3a9b) Importer(815301076,1909f56bfc062723c751e8b465ee728b)  -> (artifact id: '2c491aa284d622b7d00e07a3a42e5f12') in 17.388745 seconds 
  Import took 20.971788 seconds .

========================================================================
Received Import Request.
  Time since last request: 0.000700 seconds.
  path: Assets/Models/Lift/Materials/_0005_LightPink.mat
  artifactKey: Guid(052bec662d97b6946ab610fb884b98cb) Importer(815301076,1909f56bfc062723c751e8b465ee728b)
Start importing Assets/Models/Lift/Materials/_0005_LightPink.mat using Guid(052bec662d97b6946ab610fb884b98cb) Importer(815301076,1909f56bfc062723c751e8b465ee728b)  -> (artifact id: 'a10a0e04c05ff6ee6e4a6e51f84827e7') in 0.131153 seconds 
  Import took 0.137496 seconds .

========================================================================
Received Import Request.
  Time since last request: 0.000571 seconds.
  path: Assets/Models/Garage/Materials/_5ZIGEN_PRORACERGN__HB_1_W.mat
  artifactKey: Guid(dcd40e23c22198142acb52380bb1cc73) Importer(815301076,1909f56bfc062723c751e8b465ee728b)
Start importing Assets/Models/Garage/Materials/_5ZIGEN_PRORACERGN__HB_1_W.mat using Guid(dcd40e23c22198142acb52380bb1cc73) Importer(815301076,1909f56bfc062723c751e8b465ee728b)  -> (artifact id: 'd72033af3ddf85eeab84a438db49b007') in 0.104648 seconds 
  Import took 0.127390 seconds .

========================================================================
Received Import Request.
  Time since last request: 0.000544 seconds.
  path: Assets/Models/Garage/Garage/_5ZIGEN_PRORACERGN__HB_1_W.jpg
  artifactKey: Guid(dbaa98cef62c66c4dbde844759da76fd) Importer(815301076,1909f56bfc062723c751e8b465ee728b)
Start importing Assets/Models/Garage/Garage/_5ZIGEN_PRORACERGN__HB_1_W.jpg using Guid(dbaa98cef62c66c4dbde844759da76fd) Importer(815301076,1909f56bfc062723c751e8b465ee728b)  -> (artifact id: '0978c71127800d267386da6a56e5a547') in 0.105923 seconds 
  Import took 0.113907 seconds .

========================================================================
Received Import Request.
  Time since last request: 0.000568 seconds.
  path: Assets/Models/Lift/model/_0005_LightPink.jpg
  artifactKey: Guid(77a9149323203f3488cc4734e7102c89) Importer(815301076,1909f56bfc062723c751e8b465ee728b)
Start importing Assets/Models/Lift/model/_0005_LightPink.jpg using Guid(77a9149323203f3488cc4734e7102c89) Importer(815301076,1909f56bfc062723c751e8b465ee728b)  -> (artifact id: '053e9eaccdf6263edc7c7bb4557aa33c') in 0.035228 seconds 
  Import took 0.042900 seconds .

========================================================================
Received Prepare
Registering precompiled user dll's ...
Registered in 0.027875 seconds.
Begin MonoManager ReloadAssembly
Native extension for WindowsStandalone target not found
Refreshing native plugins compatible for Editor in 0.54 ms, found 3 plugins.
Preloading 0 native plugins for Editor in 0.00 ms.
Mono: successfully reloaded assembly
- Completed reload, in  1.461 seconds
Platform modules already initialized, skipping
OnLevelWasLoaded was found on Menu
This message has been deprecated and will be removed in a later version of Unity.
Add a delegate to SceneManager.sceneLoaded instead to get notifications after scene loading has completed

Refreshing native plugins compatible for Editor in 0.93 ms, found 3 plugins.
Preloading 0 native plugins for Editor in 0.00 ms.
Unloading 1581 Unused Serialized files (Serialized files now loaded: 0)
System memory in use before: 87.4 MB.
System memory in use after: 86.9 MB.

Unloading 33 unused Assets to reduce memory usage. Loaded Objects now: 2075.
Total: 3.727400 ms (FindLiveObjects: 0.272700 ms CreateObjectMapping: 0.157600 ms MarkObjects: 2.770800 ms  DeleteObjects: 0.524500 ms)

AssetImportParameters requested are different than current active one (requested -> active):
  custom:framework-win-MediaFoundation: 216162199b28c13a410421893ffa2e32 -> 
  custom:video-decoder-ogg-theora: a1e56fd34408186e4bbccfd4996cb3dc -> 
  custom:container-muxer-webm: aa71ff27fc2769a1b78a27578f13a17b -> 
  custom:container-demuxer-webm: 4f35f7cbe854078d1ac9338744f61a02 -> 
  custom:container-demuxer-ogg: 62fdf1f143b41e24485cea50d1cbac27 -> 
  custom:video-encoder-webm-vp8: eb34c28f22e8b96e1ab97ce403110664 -> 
  custom:video-decoder-webm-vp8: 9c59270c3fd7afecdb556c50c9e8de78 -> 
  custom:audio-decoder-ogg-vorbis: bf7c407c2cedff20999df2af8eb42d56 -> 
  custom:audio-encoder-webm-vorbis: bf7c407c2cedff20999df2af8eb42d56 -> 
