Using pre-set license
Built from '2020.3/staging' branch; Version is '2020.3.16f1 (049d6eca3c44) revision 302446'; Using compiler version '192528614'; Build Type 'Release'
OS: 'Windows 10 Pro; OS build 19043.1165; Version 2009; 64bit' Language: 'pt' Physical Memory: 8071 MB
BatchMode: 1, IsHumanControllingUs: 0, StartBugReporterOnCrash: 0, Is64bit: 1, IsPro: 0

 COMMAND LINE ARGUMENTS:
C:\Program Files\Unity\Hub\Editor\2020.3.16f1\Editor\Unity.exe
-adb2
-batchMode
-noUpm
-name
AssetImportWorker0
-projectPath
C:/Users/gabri/Desktop/projects/car mechanic
-logFile
Logs/AssetImportWorker0.log
-srvPort
63107
Successfully changed project path to: C:/Users/gabri/Desktop/projects/car mechanic
C:/Users/gabri/Desktop/projects/car mechanic
Using Asset Import Pipeline V2.
Refreshing native plugins compatible for Editor in 467.82 ms, found 3 plugins.
Preloading 0 native plugins for Editor in 0.00 ms.
Initialize engine version: 2020.3.16f1 (049d6eca3c44)
[Subsystems] Discovering subsystems at path C:/Program Files/Unity/Hub/Editor/2020.3.16f1/Editor/Data/Resources/UnitySubsystems
[Subsystems] Discovering subsystems at path C:/Users/gabri/Desktop/projects/car mechanic/Assets
GfxDevice: creating device client; threaded=0
Direct3D:
    Version:  Direct3D 11.0 [level 11.1]
    Renderer: Intel(R) HD Graphics Family (ID=0xa16)
    Vendor:   
    VRAM:     2048 MB
    Driver:   20.19.15.4531
Initialize mono
Mono path[0] = 'C:/Program Files/Unity/Hub/Editor/2020.3.16f1/Editor/Data/Managed'
Mono path[1] = 'C:/Program Files/Unity/Hub/Editor/2020.3.16f1/Editor/Data/MonoBleedingEdge/lib/mono/unityjit'
Mono config path = 'C:/Program Files/Unity/Hub/Editor/2020.3.16f1/Editor/Data/MonoBleedingEdge/etc'
Using monoOptions --debugger-agent=transport=dt_socket,embedding=1,server=y,suspend=n,address=127.0.0.1:56196
Begin MonoManager ReloadAssembly
Registering precompiled unity dll's ...
Register platform support module: C:/Program Files/Unity/Hub/Editor/2020.3.16f1/Editor/Data/PlaybackEngines/WindowsStandaloneSupport/UnityEditor.WindowsStandalone.Extensions.dll
Registered in 0.010378 seconds.
Native extension for WindowsStandalone target not found
Refreshing native plugins compatible for Editor in 58.68 ms, found 3 plugins.
Preloading 0 native plugins for Editor in 0.00 ms.
Mono: successfully reloaded assembly
- Completed reload, in  7.235 seconds
Domain Reload Profiling:
	ReloadAssembly (7235ms)
		BeginReloadAssembly (360ms)
			ExecutionOrderSort (0ms)
			DisableScriptedObjects (0ms)
			BackupInstance (0ms)
			ReleaseScriptingObjects (0ms)
			CreateAndSetChildDomain (37ms)
		EndReloadAssembly (850ms)
			LoadAssemblies (296ms)
			RebuildTransferFunctionScriptingTraits (0ms)
			SetupTypeCache (329ms)
			ReleaseScriptCaches (0ms)
			RebuildScriptCaches (71ms)
			SetupLoadedEditorAssemblies (325ms)
				LogAssemblyErrors (0ms)
				InitializePlatformSupportModulesInManaged (8ms)
				SetLoadedEditorAssemblies (1ms)
				RefreshPlugins (59ms)
				BeforeProcessingInitializeOnLoad (23ms)
				ProcessInitializeOnLoadAttributes (188ms)
				ProcessInitializeOnLoadMethodAttributes (46ms)
				AfterProcessingInitializeOnLoad (0ms)
				EditorAssembliesLoaded (0ms)
			ExecutionOrderSort2 (0ms)
			AwakeInstancesAfterBackupRestoration (0ms)
Platform modules already initialized, skipping
Registering precompiled user dll's ...
Registered in 0.015721 seconds.
Begin MonoManager ReloadAssembly
OnLevelWasLoaded was found on Menu
This message has been deprecated and will be removed in a later version of Unity.
Add a delegate to SceneManager.sceneLoaded instead to get notifications after scene loading has completed

Native extension for WindowsStandalone target not found
Refreshing native plugins compatible for Editor in 0.59 ms, found 3 plugins.
Preloading 0 native plugins for Editor in 0.00 ms.
Mono: successfully reloaded assembly
- Completed reload, in  1.916 seconds
Domain Reload Profiling:
	ReloadAssembly (1918ms)
		BeginReloadAssembly (263ms)
			ExecutionOrderSort (0ms)
			DisableScriptedObjects (7ms)
			BackupInstance (0ms)
			ReleaseScriptingObjects (0ms)
			CreateAndSetChildDomain (49ms)
		EndReloadAssembly (1559ms)
			LoadAssemblies (153ms)
			RebuildTransferFunctionScriptingTraits (0ms)
			SetupTypeCache (451ms)
			ReleaseScriptCaches (1ms)
			RebuildScriptCaches (83ms)
			SetupLoadedEditorAssemblies (707ms)
				LogAssemblyErrors (0ms)
				InitializePlatformSupportModulesInManaged (8ms)
				SetLoadedEditorAssemblies (1ms)
				RefreshPlugins (1ms)
				BeforeProcessingInitializeOnLoad (133ms)
				ProcessInitializeOnLoadAttributes (544ms)
				ProcessInitializeOnLoadMethodAttributes (11ms)
				AfterProcessingInitializeOnLoad (10ms)
				EditorAssembliesLoaded (0ms)
			ExecutionOrderSort2 (0ms)
			AwakeInstancesAfterBackupRestoration (11ms)
Platform modules already initialized, skipping
========================================================================
Worker process is ready to serve import requests
Launched and connected shader compiler UnityShaderCompiler.exe after 0.15 seconds
Refreshing native plugins compatible for Editor in 0.92 ms, found 3 plugins.
Preloading 0 native plugins for Editor in 0.00 ms.
Unloading 1485 Unused Serialized files (Serialized files now loaded: 0)
System memory in use before: 73.1 MB.
System memory in use after: 49.9 MB.

Unloading 21 unused Assets to reduce memory usage. Loaded Objects now: 1917.
Total: 11.869500 ms (FindLiveObjects: 0.460200 ms CreateObjectMapping: 0.211000 ms MarkObjects: 11.061000 ms  DeleteObjects: 0.133100 ms)

AssetImportParameters requested are different than current active one (requested -> active):
  custom:framework-win-MediaFoundation: 216162199b28c13a410421893ffa2e32 -> 
  custom:video-decoder-ogg-theora: a1e56fd34408186e4bbccfd4996cb3dc -> 
  custom:container-muxer-webm: aa71ff27fc2769a1b78a27578f13a17b -> 
  custom:container-demuxer-webm: 4f35f7cbe854078d1ac9338744f61a02 -> 
  custom:container-demuxer-ogg: 62fdf1f143b41e24485cea50d1cbac27 -> 
  custom:video-encoder-webm-vp8: eb34c28f22e8b96e1ab97ce403110664 -> 
  custom:video-decoder-webm-vp8: 9c59270c3fd7afecdb556c50c9e8de78 -> 
  custom:audio-decoder-ogg-vorbis: bf7c407c2cedff20999df2af8eb42d56 -> 
  custom:audio-encoder-webm-vorbis: bf7c407c2cedff20999df2af8eb42d56 -> 
========================================================================
Received Import Request.
  path: Assets/Scenes/MainSettings.lighting
  artifactKey: Guid(a51777f474bf82540ac1bd94f5873949) Importer(815301076,1909f56bfc062723c751e8b465ee728b)
Start importing Assets/Scenes/MainSettings.lighting using Guid(a51777f474bf82540ac1bd94f5873949) Importer(815301076,1909f56bfc062723c751e8b465ee728b) LightingSettings: switching bake backend from 1 to 0.
 -> (artifact id: 'be1666a973cab262b1dd40676a197460') in 0.073218 seconds 
  Import took 0.078382 seconds .

========================================================================
Received Import Request.
  Time since last request: 0.000347 seconds.
  path: Assets/Scenes/Garage.unity
  artifactKey: Guid(6faf2b98d0716c84c93ef9ea36abd019) Importer(815301076,1909f56bfc062723c751e8b465ee728b)
Start importing Assets/Scenes/Garage.unity using Guid(6faf2b98d0716c84c93ef9ea36abd019) Importer(815301076,1909f56bfc062723c751e8b465ee728b)  -> (artifact id: 'bee89ed412d47460b626d0f5baa73803') in 0.030073 seconds 
  Import took 0.036856 seconds .

========================================================================
Received Import Request.
  Time since last request: 0.001343 seconds.
  path: Assets/Scenes/GarageSettings.lighting
  artifactKey: Guid(2282e49afa1894541be746405cdc6820) Importer(815301076,1909f56bfc062723c751e8b465ee728b)
Start importing Assets/Scenes/GarageSettings.lighting using Guid(2282e49afa1894541be746405cdc6820) Importer(815301076,1909f56bfc062723c751e8b465ee728b)  -> (artifact id: 'ab276c8770a775ccb4d7c47100c53159') in 0.024245 seconds 
  Import took 0.031394 seconds .

========================================================================
Received Import Request.
  Time since last request: 5.855961 seconds.
  path: Assets/Scenes/Main.unity
  artifactKey: Guid(05a735a23e5acf046b4cc58f35ce00dc) Importer(815301076,1909f56bfc062723c751e8b465ee728b)
Start importing Assets/Scenes/Main.unity using Guid(05a735a23e5acf046b4cc58f35ce00dc) Importer(815301076,1909f56bfc062723c751e8b465ee728b)  -> (artifact id: '37b0e509b88a76edbdd5ad27022633fc') in 0.017701 seconds 
  Import took 0.023333 seconds .

========================================================================
Received Import Request.
  Time since last request: 27.771334 seconds.
  path: Assets/Materials/garage
  artifactKey: Guid(3773334a524c72b46b4ce9e304be9f92) Importer(815301076,1909f56bfc062723c751e8b465ee728b)
Start importing Assets/Materials/garage using Guid(3773334a524c72b46b4ce9e304be9f92) Importer(815301076,1909f56bfc062723c751e8b465ee728b)  -> (artifact id: '6892f6743ddb94b6f075f689bbe8bdba') in 0.016687 seconds 
  Import took 0.020702 seconds .

========================================================================
Received Import Request.
  Time since last request: 0.103878 seconds.
  path: Assets/Materials/garage/_5ZIGEN_PRORACERGN__HB_1_W.mat
  artifactKey: Guid(dcd40e23c22198142acb52380bb1cc73) Importer(815301076,1909f56bfc062723c751e8b465ee728b)
Start importing Assets/Materials/garage/_5ZIGEN_PRORACERGN__HB_1_W.mat using Guid(dcd40e23c22198142acb52380bb1cc73) Importer(815301076,1909f56bfc062723c751e8b465ee728b)  -> (artifact id: '8c3bfe5cc60be80ce22abc55017b3f3d') in 0.150855 seconds 
  Import took 0.156516 seconds .

========================================================================
Received Import Request.
  Time since last request: 0.000335 seconds.
  path: Assets/Materials/garage/_0021_DarkRed.mat
  artifactKey: Guid(61fe62834b5b3f144821f3a1670efb49) Importer(815301076,1909f56bfc062723c751e8b465ee728b)
Start importing Assets/Materials/garage/_0021_DarkRed.mat using Guid(61fe62834b5b3f144821f3a1670efb49) Importer(815301076,1909f56bfc062723c751e8b465ee728b)  -> (artifact id: 'c038ab8243ff18552b85fe328be217ae') in 0.040514 seconds 
  Import took 0.047639 seconds .

========================================================================
Received Import Request.
  Time since last request: 0.000469 seconds.
  path: Assets/Materials/garage/_0130_Gainsboro.mat
  artifactKey: Guid(f94ad64f8c59eaf44a9fce02c9f27941) Importer(815301076,1909f56bfc062723c751e8b465ee728b)
Start importing Assets/Materials/garage/_0130_Gainsboro.mat using Guid(f94ad64f8c59eaf44a9fce02c9f27941) Importer(815301076,1909f56bfc062723c751e8b465ee728b)  -> (artifact id: '22ed5c5211ff20e335572a211764c128') in 0.038512 seconds 
  Import took 0.047219 seconds .

========================================================================
Received Import Request.
  Time since last request: 0.000365 seconds.
  path: Assets/Materials/garage/_0111_SlateGray.mat
  artifactKey: Guid(0e05602b67957474bab416b0939a1222) Importer(815301076,1909f56bfc062723c751e8b465ee728b)
Start importing Assets/Materials/garage/_0111_SlateGray.mat using Guid(0e05602b67957474bab416b0939a1222) Importer(815301076,1909f56bfc062723c751e8b465ee728b)  -> (artifact id: '3dfe716cf0b49c564ff7a2543f7c362c') in 0.074257 seconds 
  Import took 0.083379 seconds .

========================================================================
Received Import Request.
  Time since last request: 0.000388 seconds.
  path: Assets/Materials/garage/_0131_Silver.mat
  artifactKey: Guid(ab4620c17ef954745a0579d0d87f9a10) Importer(815301076,1909f56bfc062723c751e8b465ee728b)
Start importing Assets/Materials/garage/_0131_Silver.mat using Guid(ab4620c17ef954745a0579d0d87f9a10) Importer(815301076,1909f56bfc062723c751e8b465ee728b)  -> (artifact id: 'f41a0cfa70961f1a4ff6e737f9fcf07d') in 0.049569 seconds 
  Import took 0.057252 seconds .

========================================================================
Received Import Request.
  Time since last request: 0.000449 seconds.
  path: Assets/Materials/garage/_0069_LimeGreen.mat
  artifactKey: Guid(d05c615a8d80e1c4ab259ebbdb8faac7) Importer(815301076,1909f56bfc062723c751e8b465ee728b)
Start importing Assets/Materials/garage/_0069_LimeGreen.mat using Guid(d05c615a8d80e1c4ab259ebbdb8faac7) Importer(815301076,1909f56bfc062723c751e8b465ee728b)  -> (artifact id: 'c52ff3234675a2b7b1f58805d29fb1e8') in 0.039138 seconds 
  Import took 0.052061 seconds .

========================================================================
Received Import Request.
  Time since last request: 0.000398 seconds.
  path: Assets/Materials/garage/_0103_Blue.mat
  artifactKey: Guid(dbc9162ad55c40149a9d143b653d8014) Importer(815301076,1909f56bfc062723c751e8b465ee728b)
Start importing Assets/Materials/garage/_0103_Blue.mat using Guid(dbc9162ad55c40149a9d143b653d8014) Importer(815301076,1909f56bfc062723c751e8b465ee728b)  -> (artifact id: '1f2dd2d2c7e834aa107a6c49ceb17bd6') in 0.030548 seconds 
  Import took 0.038076 seconds .

========================================================================
Received Import Request.
  Time since last request: 0.000320 seconds.
  path: Assets/Materials/garage/_0137_Black.mat
  artifactKey: Guid(3042370cb563a5d4dbed1b2e0bcc921e) Importer(815301076,1909f56bfc062723c751e8b465ee728b)
Start importing Assets/Materials/garage/_0137_Black.mat using Guid(3042370cb563a5d4dbed1b2e0bcc921e) Importer(815301076,1909f56bfc062723c751e8b465ee728b)  -> (artifact id: 'ca8a189b14a6a06515c1f81526a4bb71') in 0.031887 seconds 
  Import took 0.039320 seconds .

========================================================================
Received Import Request.
  Time since last request: 0.000982 seconds.
  path: Assets/Materials/garage/_0010_Snow.mat
  artifactKey: Guid(cbc732e9636e1f04e968b6c1661d6fcb) Importer(815301076,1909f56bfc062723c751e8b465ee728b)
Start importing Assets/Materials/garage/_0010_Snow.mat using Guid(cbc732e9636e1f04e968b6c1661d6fcb) Importer(815301076,1909f56bfc062723c751e8b465ee728b)  -> (artifact id: '9cfd431bcdc47d99d53967e513c2decb') in 0.030352 seconds 
  Import took 0.040315 seconds .

========================================================================
Received Import Request.
  Time since last request: 11.134054 seconds.
  path: Assets/Materials/car1
  artifactKey: Guid(fc2d3ec078063684a82ff07894d524a8) Importer(815301076,1909f56bfc062723c751e8b465ee728b)
Start importing Assets/Materials/car1 using Guid(fc2d3ec078063684a82ff07894d524a8) Importer(815301076,1909f56bfc062723c751e8b465ee728b)  -> (artifact id: '883e8208feacc0c98294915778c5db82') in 0.019449 seconds 
  Import took 0.024060 seconds .

========================================================================
Received Import Request.
  Time since last request: 0.129794 seconds.
  path: Assets/Materials/car1/black m.mat
  artifactKey: Guid(7df9988ac6ece3e4085ecb5572f069f5) Importer(815301076,1909f56bfc062723c751e8b465ee728b)
Start importing Assets/Materials/car1/black m.mat using Guid(7df9988ac6ece3e4085ecb5572f069f5) Importer(815301076,1909f56bfc062723c751e8b465ee728b)  -> (artifact id: '158c960836db11e57b4f7fce2c753986') in 0.026260 seconds 
  Import took 0.030726 seconds .

========================================================================
Received Import Request.
  Time since last request: 0.000324 seconds.
  path: Assets/Materials/car1/BOTTOM.mat
  artifactKey: Guid(b07718bd0f4239a4a8379e471b35ed7e) Importer(815301076,1909f56bfc062723c751e8b465ee728b)
Start importing Assets/Materials/car1/BOTTOM.mat using Guid(b07718bd0f4239a4a8379e471b35ed7e) Importer(815301076,1909f56bfc062723c751e8b465ee728b)  -> (artifact id: '2c1bc325d679386a053c5314f59624a7') in 0.033091 seconds 
  Import took 0.037618 seconds .

========================================================================
Received Import Request.
  Time since last request: 0.000301 seconds.
  path: Assets/Materials/car1/chrom.mat
  artifactKey: Guid(861c0761bf0141747bd21261942da5ef) Importer(815301076,1909f56bfc062723c751e8b465ee728b)
Start importing Assets/Materials/car1/chrom.mat using Guid(861c0761bf0141747bd21261942da5ef) Importer(815301076,1909f56bfc062723c751e8b465ee728b)  -> (artifact id: '089a1efcebbb82355f1242fbb390deea') in 0.109142 seconds 
  Import took 0.115653 seconds .

========================================================================
Received Import Request.
  Time since last request: 0.000108 seconds.
  path: Assets/Materials/car1/Black.mat
  artifactKey: Guid(dc6ee47f4a88da045a1d0321fbbe608d) Importer(815301076,1909f56bfc062723c751e8b465ee728b)
Start importing Assets/Materials/car1/Black.mat using Guid(dc6ee47f4a88da045a1d0321fbbe608d) Importer(815301076,1909f56bfc062723c751e8b465ee728b)  -> (artifact id: '2c863be66dac9d11c17cd32d654488d7') in 0.044289 seconds 
  Import took 0.048939 seconds .

========================================================================
Received Import Request.
  Time since last request: 0.000383 seconds.
  path: Assets/Materials/car1/body.mat
  artifactKey: Guid(f635625b5a1ca464685bc9c7abad4c63) Importer(815301076,1909f56bfc062723c751e8b465ee728b)
Start importing Assets/Materials/car1/body.mat using Guid(f635625b5a1ca464685bc9c7abad4c63) Importer(815301076,1909f56bfc062723c751e8b465ee728b)  -> (artifact id: '1fb9819d87c6215842be284036f97538') in 0.034993 seconds 
  Import took 0.041888 seconds .

========================================================================
Received Import Request.
  Time since last request: 0.000347 seconds.
  path: Assets/Materials/car1/d glass.mat
  artifactKey: Guid(fbb72c4188e244d42a7821be7168f06c) Importer(815301076,1909f56bfc062723c751e8b465ee728b)
Start importing Assets/Materials/car1/d glass.mat using Guid(fbb72c4188e244d42a7821be7168f06c) Importer(815301076,1909f56bfc062723c751e8b465ee728b)  -> (artifact id: '2a828103ef3dbb5f10e03145254fe8a6') in 0.038747 seconds 
  Import took 0.045971 seconds .

========================================================================
Received Import Request.
  Time since last request: 0.000395 seconds.
  path: Assets/Materials/car1/chrome.mat
  artifactKey: Guid(b51ab30cb2088e1429bf8f04b97b4135) Importer(815301076,1909f56bfc062723c751e8b465ee728b)
Start importing Assets/Materials/car1/chrome.mat using Guid(b51ab30cb2088e1429bf8f04b97b4135) Importer(815301076,1909f56bfc062723c751e8b465ee728b)  -> (artifact id: 'eaf6edbc5e5781e5e34347e6a6a12928') in 0.039598 seconds 
  Import took 0.045358 seconds .

========================================================================
Received Import Request.
  Time since last request: 0.000362 seconds.
  path: Assets/Materials/car1/BRAKDISC.mat
  artifactKey: Guid(25087649169589143b1011e425ce9543) Importer(815301076,1909f56bfc062723c751e8b465ee728b)
Start importing Assets/Materials/car1/BRAKDISC.mat using Guid(25087649169589143b1011e425ce9543) Importer(815301076,1909f56bfc062723c751e8b465ee728b)  -> (artifact id: '9c5c91e3c65508300e94da9c788bf6d7') in 0.032792 seconds 
  Import took 0.041734 seconds .

========================================================================
Received Import Request.
  Time since last request: 0.000652 seconds.
  path: Assets/Materials/car1/Body paint.mat
  artifactKey: Guid(78fd7dbb462138c4aaaad5c6f2161785) Importer(815301076,1909f56bfc062723c751e8b465ee728b)
Start importing Assets/Materials/car1/Body paint.mat using Guid(78fd7dbb462138c4aaaad5c6f2161785) Importer(815301076,1909f56bfc062723c751e8b465ee728b)  -> (artifact id: 'e1667a29cd97fa608a71c25fd8e23f20') in 0.037112 seconds 
  Import took 0.045573 seconds .

========================================================================
Received Import Request.
  Time since last request: 8.946220 seconds.
  path: Assets/Materials/engine
  artifactKey: Guid(ae70149d7022a0f429fe68d42de7de13) Importer(815301076,1909f56bfc062723c751e8b465ee728b)
Start importing Assets/Materials/engine using Guid(ae70149d7022a0f429fe68d42de7de13) Importer(815301076,1909f56bfc062723c751e8b465ee728b)  -> (artifact id: '34b9bdd2fad880e560504611898b53ba') in 0.016484 seconds 
  Import took 0.022780 seconds .

========================================================================
Received Import Request.
  Time since last request: 0.006740 seconds.
  path: Assets/Materials/engine/__auto_.mat
  artifactKey: Guid(18b57e3dbacdd64478f0799277e722e8) Importer(815301076,1909f56bfc062723c751e8b465ee728b)
Start importing Assets/Materials/engine/__auto_.mat using Guid(18b57e3dbacdd64478f0799277e722e8) Importer(815301076,1909f56bfc062723c751e8b465ee728b)  -> (artifact id: '2f30aac731cf88163472ec238a636429') in 0.031275 seconds 
  Import took 0.037367 seconds .

========================================================================
Received Import Request.
  Time since last request: 0.000315 seconds.
  path: Assets/Materials/engine/__auto_15.mat
  artifactKey: Guid(d006a95877908e643a7a0c3be40580ee) Importer(815301076,1909f56bfc062723c751e8b465ee728b)
Start importing Assets/Materials/engine/__auto_15.mat using Guid(d006a95877908e643a7a0c3be40580ee) Importer(815301076,1909f56bfc062723c751e8b465ee728b)  -> (artifact id: '8ca92e20b1cf6b480d4c8ef2d393c236') in 0.032346 seconds 
  Import took 0.037822 seconds .

========================================================================
Received Import Request.
  Time since last request: 0.000391 seconds.
  path: Assets/Materials/engine/__auto_6.mat
  artifactKey: Guid(fb6c5ddd9f01c3c4e8b103fa2c2b377b) Importer(815301076,1909f56bfc062723c751e8b465ee728b)
Start importing Assets/Materials/engine/__auto_6.mat using Guid(fb6c5ddd9f01c3c4e8b103fa2c2b377b) Importer(815301076,1909f56bfc062723c751e8b465ee728b)  -> (artifact id: '2f59b3fb7869e428f8e93eff33173fb3') in 0.032761 seconds 
  Import took 0.040445 seconds .

========================================================================
Received Import Request.
  Time since last request: 0.000171 seconds.
  path: Assets/Materials/engine/__auto_7.mat
  artifactKey: Guid(af9d7eb40cf449c41b5db32719612f64) Importer(815301076,1909f56bfc062723c751e8b465ee728b)
Start importing Assets/Materials/engine/__auto_7.mat using Guid(af9d7eb40cf449c41b5db32719612f64) Importer(815301076,1909f56bfc062723c751e8b465ee728b)  -> (artifact id: '2af4c18c7930afc5adf09d31945d31b2') in 0.050041 seconds 
  Import took 0.055816 seconds .

========================================================================
Received Import Request.
  Time since last request: 0.000458 seconds.
  path: Assets/Materials/engine/__auto_5.mat
  artifactKey: Guid(0b7d511b70b747b42aac4347d58e80cc) Importer(815301076,1909f56bfc062723c751e8b465ee728b)
Start importing Assets/Materials/engine/__auto_5.mat using Guid(0b7d511b70b747b42aac4347d58e80cc) Importer(815301076,1909f56bfc062723c751e8b465ee728b)  -> (artifact id: 'ad9ba3ade7a4229971b1a515c8a42750') in 0.034374 seconds 
  Import took 0.041598 seconds .

========================================================================
Received Import Request.
  Time since last request: 0.000398 seconds.
  path: Assets/Materials/engine/__auto_1.mat
  artifactKey: Guid(b415cdeda08b65849bddaa18eddb06b7) Importer(815301076,1909f56bfc062723c751e8b465ee728b)
Start importing Assets/Materials/engine/__auto_1.mat using Guid(b415cdeda08b65849bddaa18eddb06b7) Importer(815301076,1909f56bfc062723c751e8b465ee728b)  -> (artifact id: 'cc38823896bbf92d0fa3b6996f1b967e') in 0.029689 seconds 
  Import took 0.035813 seconds .

========================================================================
Received Import Request.
  Time since last request: 0.000450 seconds.
  path: Assets/Materials/engine/__auto_11.mat
  artifactKey: Guid(b67e5e42721cced428709d78c22102de) Importer(815301076,1909f56bfc062723c751e8b465ee728b)
Start importing Assets/Materials/engine/__auto_11.mat using Guid(b67e5e42721cced428709d78c22102de) Importer(815301076,1909f56bfc062723c751e8b465ee728b)  -> (artifact id: '35bfe1fd6794134f091fa609d162ec03') in 0.037832 seconds 
  Import took 0.047881 seconds .

========================================================================
Received Import Request.
  Time since last request: 0.000432 seconds.
  path: Assets/Materials/engine/__auto_3.mat
  artifactKey: Guid(b6eb766843bf3394983d80b524998f7f) Importer(815301076,1909f56bfc062723c751e8b465ee728b)
Start importing Assets/Materials/engine/__auto_3.mat using Guid(b6eb766843bf3394983d80b524998f7f) Importer(815301076,1909f56bfc062723c751e8b465ee728b)  -> (artifact id: 'deb7b3c5b03f9fba362234da06ecc7d7') in 0.043904 seconds 
  Import took 0.050484 seconds .

========================================================================
Received Import Request.
  Time since last request: 0.000671 seconds.
  path: Assets/Materials/engine/__auto_13.mat
  artifactKey: Guid(634112735065cd945882aaf6bf0c1751) Importer(815301076,1909f56bfc062723c751e8b465ee728b)
Start importing Assets/Materials/engine/__auto_13.mat using Guid(634112735065cd945882aaf6bf0c1751) Importer(815301076,1909f56bfc062723c751e8b465ee728b)  -> (artifact id: 'b172061a0c546408ce9aa766b33deaa8') in 0.029001 seconds 
  Import took 0.040810 seconds .

========================================================================
Received Import Request.
  Time since last request: 6.773106 seconds.
  path: Assets/Materials/lift
  artifactKey: Guid(c957728ab0b253d4b9cd7bbda365991c) Importer(815301076,1909f56bfc062723c751e8b465ee728b)
Start importing Assets/Materials/lift using Guid(c957728ab0b253d4b9cd7bbda365991c) Importer(815301076,1909f56bfc062723c751e8b465ee728b)  -> (artifact id: '4bff2af54990561e898e94c61e6e4ed7') in 0.013518 seconds 
  Import took 0.019691 seconds .

========================================================================
Received Import Request.
  Time since last request: 0.147083 seconds.
  path: Assets/Materials/lift/_0005_LightPink.mat
  artifactKey: Guid(052bec662d97b6946ab610fb884b98cb) Importer(815301076,1909f56bfc062723c751e8b465ee728b)
Start importing Assets/Materials/lift/_0005_LightPink.mat using Guid(052bec662d97b6946ab610fb884b98cb) Importer(815301076,1909f56bfc062723c751e8b465ee728b)  -> (artifact id: '382859faccb8dc0f593af7a8826c5877') in 0.023655 seconds 
  Import took 0.029406 seconds .

========================================================================
Received Import Request.
  Time since last request: 0.000328 seconds.
  path: Assets/Materials/lift/_0131_Silver.mat
  artifactKey: Guid(f02c82a3e9b22294bb455f155561a9f0) Importer(815301076,1909f56bfc062723c751e8b465ee728b)
Start importing Assets/Materials/lift/_0131_Silver.mat using Guid(f02c82a3e9b22294bb455f155561a9f0) Importer(815301076,1909f56bfc062723c751e8b465ee728b)  -> (artifact id: '3997cd685c2a1535c22712046372e815') in 0.023341 seconds 
  Import took 0.028362 seconds .

========================================================================
Received Import Request.
  Time since last request: 0.000356 seconds.
  path: Assets/Materials/lift/_0046_Gold.mat
  artifactKey: Guid(f6fa5aa1d1e105a4f9ff5e3ed631a814) Importer(815301076,1909f56bfc062723c751e8b465ee728b)
Start importing Assets/Materials/lift/_0046_Gold.mat using Guid(f6fa5aa1d1e105a4f9ff5e3ed631a814) Importer(815301076,1909f56bfc062723c751e8b465ee728b)  -> (artifact id: '24b0292f6c13f8bb6bb4b31fda1dba63') in 0.030759 seconds 
  Import took 0.036673 seconds .

========================================================================
Received Import Request.
  Time since last request: 0.000336 seconds.
  path: Assets/Materials/lift/__0056_Yellow_1.mat
  artifactKey: Guid(409d058aecd559d498bdfdad0b948fe2) Importer(815301076,1909f56bfc062723c751e8b465ee728b)
Start importing Assets/Materials/lift/__0056_Yellow_1.mat using Guid(409d058aecd559d498bdfdad0b948fe2) Importer(815301076,1909f56bfc062723c751e8b465ee728b)  -> (artifact id: 'cea5355854188b875b5e1dc2ea0c8032') in 0.036232 seconds 
  Import took 0.046233 seconds .

========================================================================
Received Import Request.
  Time since last request: 0.001037 seconds.
  path: Assets/Materials/lift/_0136_Charcoal.mat
  artifactKey: Guid(2d0f8e846e70c0240b2e47d44228db49) Importer(815301076,1909f56bfc062723c751e8b465ee728b)
Start importing Assets/Materials/lift/_0136_Charcoal.mat using Guid(2d0f8e846e70c0240b2e47d44228db49) Importer(815301076,1909f56bfc062723c751e8b465ee728b)  -> (artifact id: 'ad65b234664b000c7c878709933c07ab') in 0.039203 seconds 
  Import took 0.045807 seconds .

========================================================================
Received Import Request.
  Time since last request: 0.000498 seconds.
  path: Assets/Materials/lift/_0128_White.mat
  artifactKey: Guid(a0f4817bc199a9d4f96a0cb7a58d727c) Importer(815301076,1909f56bfc062723c751e8b465ee728b)
Start importing Assets/Materials/lift/_0128_White.mat using Guid(a0f4817bc199a9d4f96a0cb7a58d727c) Importer(815301076,1909f56bfc062723c751e8b465ee728b)  -> (artifact id: 'b43f24f5f8b4aef742a186a9185bc430') in 0.030132 seconds 
  Import took 0.039146 seconds .

========================================================================
Received Import Request.
  Time since last request: 0.000377 seconds.
  path: Assets/Materials/lift/_0133_Gray.mat
  artifactKey: Guid(2d384fa1465cd8e4e92f1a5a843a01cc) Importer(815301076,1909f56bfc062723c751e8b465ee728b)
Start importing Assets/Materials/lift/_0133_Gray.mat using Guid(2d384fa1465cd8e4e92f1a5a843a01cc) Importer(815301076,1909f56bfc062723c751e8b465ee728b)  -> (artifact id: '490b5518da1ba68da657c79f804024cc') in 0.033206 seconds 
  Import took 0.042184 seconds .

========================================================================
Received Import Request.
  Time since last request: 0.000304 seconds.
  path: Assets/Materials/lift/_0056_Yellow.mat
  artifactKey: Guid(ba1eb9fedb398a04ba2a32b828a104bc) Importer(815301076,1909f56bfc062723c751e8b465ee728b)
Start importing Assets/Materials/lift/_0056_Yellow.mat using Guid(ba1eb9fedb398a04ba2a32b828a104bc) Importer(815301076,1909f56bfc062723c751e8b465ee728b)  -> (artifact id: 'afeabd63d397058a7d6ce3ead78cb1d1') in 0.041951 seconds 
  Import took 0.048624 seconds .

========================================================================
Received Import Request.
  Time since last request: 0.000110 seconds.
  path: Assets/Materials/lift/_0019_Crimson.mat
  artifactKey: Guid(7a5d8501d46a13e4489596bd2e5fa910) Importer(815301076,1909f56bfc062723c751e8b465ee728b)
Start importing Assets/Materials/lift/_0019_Crimson.mat using Guid(7a5d8501d46a13e4489596bd2e5fa910) Importer(815301076,1909f56bfc062723c751e8b465ee728b)  -> (artifact id: '7cf44eb47df54eebb450dc3493e27bb4') in 0.043775 seconds 
  Import took 0.050970 seconds .

========================================================================
Received Import Request.
  Time since last request: 10.257447 seconds.
  path: Assets/GFX/PP profile.asset
  artifactKey: Guid(f7e6d15a5232e4245a1234b693ceeb88) Importer(815301076,1909f56bfc062723c751e8b465ee728b)
Start importing Assets/GFX/PP profile.asset using Guid(f7e6d15a5232e4245a1234b693ceeb88) Importer(815301076,1909f56bfc062723c751e8b465ee728b)  -> (artifact id: '58a9623dfab7ac2d662543f90b2f2277') in 0.012313 seconds 
  Import took 0.018545 seconds .

========================================================================
Received Import Request.
  Time since last request: 0.000407 seconds.
  path: Assets/GFX/PP volume.asset
  artifactKey: Guid(cee5f7d11a0fe27418ee5972700632bc) Importer(815301076,1909f56bfc062723c751e8b465ee728b)
Start importing Assets/GFX/PP volume.asset using Guid(cee5f7d11a0fe27418ee5972700632bc) Importer(815301076,1909f56bfc062723c751e8b465ee728b)  -> (artifact id: '87bbd1a19aa999d610bba39e7bcc3c5c') in 0.015299 seconds 
  Import took 0.019903 seconds .

========================================================================
Received Prepare
Registering precompiled user dll's ...
Registered in 0.020058 seconds.
Begin MonoManager ReloadAssembly
Native extension for WindowsStandalone target not found
Refreshing native plugins compatible for Editor in 0.51 ms, found 3 plugins.
Preloading 0 native plugins for Editor in 0.00 ms.
Mono: successfully reloaded assembly
- Completed reload, in  1.868 seconds
Domain Reload Profiling:
	ReloadAssembly (1869ms)
		BeginReloadAssembly (216ms)
			ExecutionOrderSort (0ms)
			DisableScriptedObjects (10ms)
			BackupInstance (0ms)
			ReleaseScriptingObjects (0ms)
			CreateAndSetChildDomain (65ms)
		EndReloadAssembly (1483ms)
			LoadAssemblies (205ms)
			RebuildTransferFunctionScriptingTraits (0ms)
			SetupTypeCache (574ms)
			ReleaseScriptCaches (1ms)
			RebuildScriptCaches (53ms)
			SetupLoadedEditorAssemblies (523ms)
				LogAssemblyErrors (0ms)
				InitializePlatformSupportModulesInManaged (8ms)
				SetLoadedEditorAssemblies (1ms)
				RefreshPlugins (1ms)
				BeforeProcessingInitializeOnLoad (121ms)
				ProcessInitializeOnLoadAttributes (378ms)
				ProcessInitializeOnLoadMethodAttributes (6ms)
				AfterProcessingInitializeOnLoad (8ms)
				EditorAssembliesLoaded (0ms)
			ExecutionOrderSort2 (0ms)
			AwakeInstancesAfterBackupRestoration (10ms)
Platform modules already initialized, skipping
OnLevelWasLoaded was found on Menu
This message has been deprecated and will be removed in a later version of Unity.
Add a delegate to SceneManager.sceneLoaded instead to get notifications after scene loading has completed

Refreshing native plugins compatible for Editor in 1.02 ms, found 3 plugins.
Preloading 0 native plugins for Editor in 0.00 ms.
Unloading 1462 Unused Serialized files (Serialized files now loaded: 0)
System memory in use before: 74.6 MB.
System memory in use after: 74.7 MB.

Unloading 16 unused Assets to reduce memory usage. Loaded Objects now: 1959.
Total: 5.892500 ms (FindLiveObjects: 0.766900 ms CreateObjectMapping: 0.826100 ms MarkObjects: 4.269200 ms  DeleteObjects: 0.028200 ms)

AssetImportParameters requested are different than current active one (requested -> active):
  custom:framework-win-MediaFoundation: 216162199b28c13a410421893ffa2e32 -> 
  custom:video-decoder-ogg-theora: a1e56fd34408186e4bbccfd4996cb3dc -> 
  custom:container-muxer-webm: aa71ff27fc2769a1b78a27578f13a17b -> 
  custom:container-demuxer-webm: 4f35f7cbe854078d1ac9338744f61a02 -> 
  custom:container-demuxer-ogg: 62fdf1f143b41e24485cea50d1cbac27 -> 
  custom:video-encoder-webm-vp8: eb34c28f22e8b96e1ab97ce403110664 -> 
  custom:video-decoder-webm-vp8: 9c59270c3fd7afecdb556c50c9e8de78 -> 
  custom:audio-decoder-ogg-vorbis: bf7c407c2cedff20999df2af8eb42d56 -> 
  custom:audio-encoder-webm-vorbis: bf7c407c2cedff20999df2af8eb42d56 -> 
========================================================================
Received Prepare
Registering precompiled user dll's ...
Registered in 0.009819 seconds.
Begin MonoManager ReloadAssembly
Native extension for WindowsStandalone target not found
Refreshing native plugins compatible for Editor in 0.71 ms, found 3 plugins.
Preloading 0 native plugins for Editor in 0.00 ms.
Mono: successfully reloaded assembly
- Completed reload, in  2.919 seconds
Domain Reload Profiling:
	ReloadAssembly (2920ms)
		BeginReloadAssembly (252ms)
			ExecutionOrderSort (0ms)
			DisableScriptedObjects (10ms)
			BackupInstance (0ms)
			ReleaseScriptingObjects (0ms)
			CreateAndSetChildDomain (67ms)
		EndReloadAssembly (2511ms)
			LoadAssemblies (215ms)
			RebuildTransferFunctionScriptingTraits (0ms)
			SetupTypeCache (997ms)
			ReleaseScriptCaches (2ms)
			RebuildScriptCaches (98ms)
			SetupLoadedEditorAssemblies (856ms)
				LogAssemblyErrors (0ms)
				InitializePlatformSupportModulesInManaged (12ms)
				SetLoadedEditorAssemblies (1ms)
				RefreshPlugins (1ms)
				BeforeProcessingInitializeOnLoad (241ms)
				ProcessInitializeOnLoadAttributes (572ms)
				ProcessInitializeOnLoadMethodAttributes (9ms)
				AfterProcessingInitializeOnLoad (19ms)
				EditorAssembliesLoaded (1ms)
			ExecutionOrderSort2 (0ms)
			AwakeInstancesAfterBackupRestoration (18ms)
Platform modules already initialized, skipping
OnLevelWasLoaded was found on Menu
This message has been deprecated and will be removed in a later version of Unity.
Add a delegate to SceneManager.sceneLoaded instead to get notifications after scene loading has completed

Refreshing native plugins compatible for Editor in 1.06 ms, found 3 plugins.
Preloading 0 native plugins for Editor in 0.00 ms.
Unloading 1462 Unused Serialized files (Serialized files now loaded: 0)
System memory in use before: 74.6 MB.
System memory in use after: 74.7 MB.

Unloading 16 unused Assets to reduce memory usage. Loaded Objects now: 1961.
Total: 10.236800 ms (FindLiveObjects: 0.331700 ms CreateObjectMapping: 0.130500 ms MarkObjects: 9.732800 ms  DeleteObjects: 0.038300 ms)

AssetImportParameters requested are different than current active one (requested -> active):
  custom:framework-win-MediaFoundation: 216162199b28c13a410421893ffa2e32 -> 
  custom:video-decoder-ogg-theora: a1e56fd34408186e4bbccfd4996cb3dc -> 
  custom:container-muxer-webm: aa71ff27fc2769a1b78a27578f13a17b -> 
  custom:container-demuxer-webm: 4f35f7cbe854078d1ac9338744f61a02 -> 
  custom:container-demuxer-ogg: 62fdf1f143b41e24485cea50d1cbac27 -> 
  custom:video-encoder-webm-vp8: eb34c28f22e8b96e1ab97ce403110664 -> 
  custom:video-decoder-webm-vp8: 9c59270c3fd7afecdb556c50c9e8de78 -> 
  custom:audio-decoder-ogg-vorbis: bf7c407c2cedff20999df2af8eb42d56 -> 
  custom:audio-encoder-webm-vorbis: bf7c407c2cedff20999df2af8eb42d56 -> 
========================================================================
Received Prepare
Registering precompiled user dll's ...
Registered in 1.010157 seconds.
Begin MonoManager ReloadAssembly
Native extension for WindowsStandalone target not found
Refreshing native plugins compatible for Editor in 1.12 ms, found 3 plugins.
Preloading 0 native plugins for Editor in 0.00 ms.
Mono: successfully reloaded assembly
- Completed reload, in  7.506 seconds
Domain Reload Profiling:
	ReloadAssembly (7507ms)
		BeginReloadAssembly (339ms)
			ExecutionOrderSort (0ms)
			DisableScriptedObjects (47ms)
			BackupInstance (0ms)
			ReleaseScriptingObjects (0ms)
			CreateAndSetChildDomain (117ms)
		EndReloadAssembly (7043ms)
			LoadAssemblies (188ms)
			RebuildTransferFunctionScriptingTraits (0ms)
			SetupTypeCache (572ms)
			ReleaseScriptCaches (2ms)
			RebuildScriptCaches (55ms)
			SetupLoadedEditorAssemblies (6062ms)
				LogAssemblyErrors (0ms)
				InitializePlatformSupportModulesInManaged (15ms)
				SetLoadedEditorAssemblies (1ms)
				RefreshPlugins (1ms)
				BeforeProcessingInitializeOnLoad (4887ms)
				ProcessInitializeOnLoadAttributes (1138ms)
				ProcessInitializeOnLoadMethodAttributes (9ms)
				AfterProcessingInitializeOnLoad (9ms)
				EditorAssembliesLoaded (0ms)
			ExecutionOrderSort2 (0ms)
			AwakeInstancesAfterBackupRestoration (11ms)
Platform modules already initialized, skipping
OnLevelWasLoaded was found on Menu
This message has been deprecated and will be removed in a later version of Unity.
Add a delegate to SceneManager.sceneLoaded instead to get notifications after scene loading has completed

Refreshing native plugins compatible for Editor in 1.40 ms, found 3 plugins.
Preloading 0 native plugins for Editor in 0.00 ms.
Unloading 1462 Unused Serialized files (Serialized files now loaded: 0)
System memory in use before: 74.7 MB.
System memory in use after: 74.8 MB.

Unloading 16 unused Assets to reduce memory usage. Loaded Objects now: 1963.
Total: 20.486200 ms (FindLiveObjects: 0.582000 ms CreateObjectMapping: 0.202600 ms MarkObjects: 19.649800 ms  DeleteObjects: 0.045500 ms)

AssetImportParameters requested are different than current active one (requested -> active):
  custom:framework-win-MediaFoundation: 216162199b28c13a410421893ffa2e32 -> 
  custom:video-decoder-ogg-theora: a1e56fd34408186e4bbccfd4996cb3dc -> 
  custom:container-muxer-webm: aa71ff27fc2769a1b78a27578f13a17b -> 
  custom:container-demuxer-webm: 4f35f7cbe854078d1ac9338744f61a02 -> 
  custom:container-demuxer-ogg: 62fdf1f143b41e24485cea50d1cbac27 -> 
  custom:video-encoder-webm-vp8: eb34c28f22e8b96e1ab97ce403110664 -> 
  custom:video-decoder-webm-vp8: 9c59270c3fd7afecdb556c50c9e8de78 -> 
  custom:audio-decoder-ogg-vorbis: bf7c407c2cedff20999df2af8eb42d56 -> 
  custom:audio-encoder-webm-vorbis: bf7c407c2cedff20999df2af8eb42d56 -> 
========================================================================
Received Prepare
Registering precompiled user dll's ...
Registered in 0.019353 seconds.
Begin MonoManager ReloadAssembly
Native extension for WindowsStandalone target not found
Refreshing native plugins compatible for Editor in 1.53 ms, found 3 plugins.
Preloading 0 native plugins for Editor in 0.00 ms.
Mono: successfully reloaded assembly
- Completed reload, in  3.617 seconds
Domain Reload Profiling:
	ReloadAssembly (3618ms)
		BeginReloadAssembly (271ms)
			ExecutionOrderSort (0ms)
			DisableScriptedObjects (11ms)
			BackupInstance (0ms)
			ReleaseScriptingObjects (0ms)
			CreateAndSetChildDomain (81ms)
		EndReloadAssembly (3178ms)
			LoadAssemblies (202ms)
			RebuildTransferFunctionScriptingTraits (0ms)
			SetupTypeCache (1022ms)
			ReleaseScriptCaches (2ms)
			RebuildScriptCaches (159ms)
			SetupLoadedEditorAssemblies (1416ms)
				LogAssemblyErrors (0ms)
				InitializePlatformSupportModulesInManaged (21ms)
				SetLoadedEditorAssemblies (1ms)
				RefreshPlugins (2ms)
				BeforeProcessingInitializeOnLoad (391ms)
				ProcessInitializeOnLoadAttributes (971ms)
				ProcessInitializeOnLoadMethodAttributes (12ms)
				AfterProcessingInitializeOnLoad (17ms)
				EditorAssembliesLoaded (1ms)
			ExecutionOrderSort2 (0ms)
			AwakeInstancesAfterBackupRestoration (20ms)
Platform modules already initialized, skipping
OnLevelWasLoaded was found on Menu
This message has been deprecated and will be removed in a later version of Unity.
Add a delegate to SceneManager.sceneLoaded instead to get notifications after scene loading has completed

Refreshing native plugins compatible for Editor in 1.11 ms, found 3 plugins.
Preloading 0 native plugins for Editor in 0.00 ms.
Unloading 1462 Unused Serialized files (Serialized files now loaded: 0)
System memory in use before: 74.7 MB.
System memory in use after: 74.8 MB.

Unloading 16 unused Assets to reduce memory usage. Loaded Objects now: 1965.
Total: 8.548600 ms (FindLiveObjects: 0.567600 ms CreateObjectMapping: 0.274600 ms MarkObjects: 7.656500 ms  DeleteObjects: 0.046100 ms)

AssetImportParameters requested are different than current active one (requested -> active):
  custom:framework-win-MediaFoundation: 216162199b28c13a410421893ffa2e32 -> 
  custom:video-decoder-ogg-theora: a1e56fd34408186e4bbccfd4996cb3dc -> 
  custom:container-muxer-webm: aa71ff27fc2769a1b78a27578f13a17b -> 
  custom:container-demuxer-webm: 4f35f7cbe854078d1ac9338744f61a02 -> 
  custom:container-demuxer-ogg: 62fdf1f143b41e24485cea50d1cbac27 -> 
  custom:video-encoder-webm-vp8: eb34c28f22e8b96e1ab97ce403110664 -> 
  custom:video-decoder-webm-vp8: 9c59270c3fd7afecdb556c50c9e8de78 -> 
  custom:audio-decoder-ogg-vorbis: bf7c407c2cedff20999df2af8eb42d56 -> 
  custom:audio-encoder-webm-vorbis: bf7c407c2cedff20999df2af8eb42d56 -> 
========================================================================
Received Import Request.
  Time since last request: 890.568185 seconds.
  path: Assets/Player
  artifactKey: Guid(f067e8a1bad15044b8386384a4a71e42) Importer(815301076,1909f56bfc062723c751e8b465ee728b)
Start importing Assets/Player using Guid(f067e8a1bad15044b8386384a4a71e42) Importer(815301076,1909f56bfc062723c751e8b465ee728b)  -> (artifact id: 'cd1b93214e5bfd33131691d41e8ce18c') in 0.029200 seconds 
  Import took 0.037652 seconds .

========================================================================
Received Import Request.
  Time since last request: 0.010115 seconds.
  path: Assets/Player
  artifactKey: Guid(f067e8a1bad15044b8386384a4a71e42) Importer(815301076,1909f56bfc062723c751e8b465ee728b)
Start importing Assets/Player using Guid(f067e8a1bad15044b8386384a4a71e42) Importer(815301076,1909f56bfc062723c751e8b465ee728b)  -> (artifact id: 'cd1b93214e5bfd33131691d41e8ce18c') in 0.009026 seconds 
  Import took 0.019637 seconds .

========================================================================
Received Import Request.
  Time since last request: 0.908801 seconds.
  path: Assets/Player/Animations
  artifactKey: Guid(0d01823bfc3e36541bc1c3a340996d1c) Importer(815301076,1909f56bfc062723c751e8b465ee728b)
Start importing Assets/Player/Animations using Guid(0d01823bfc3e36541bc1c3a340996d1c) Importer(815301076,1909f56bfc062723c751e8b465ee728b)  -> (artifact id: '8ffacd2c5f4b2ef45a447c6f0f47cf2b') in 0.018991 seconds 
  Import took 0.024624 seconds .

========================================================================
Received Import Request.
  Time since last request: 0.110052 seconds.
  path: Assets/Player/Animations/Idles.fbx
  artifactKey: Guid(7acad3aa76c1dac46a13b9056f143bd1) Importer(815301076,1909f56bfc062723c751e8b465ee728b)
Start importing Assets/Player/Animations/Idles.fbx using Guid(7acad3aa76c1dac46a13b9056f143bd1) Importer(815301076,1909f56bfc062723c751e8b465ee728b)  -> (artifact id: '039d4470ba10bf14e9bc3621d6d39941') in 1.227381 seconds 
  Import took 1.236005 seconds .

========================================================================
Received Import Request.
  Time since last request: 0.000403 seconds.
  path: Assets/Player/Animations/Runs.fbx
  artifactKey: Guid(c7e45b2dc67c2ea45bb1c9e8b10d5a9f) Importer(815301076,1909f56bfc062723c751e8b465ee728b)
Start importing Assets/Player/Animations/Runs.fbx using Guid(c7e45b2dc67c2ea45bb1c9e8b10d5a9f) Importer(815301076,1909f56bfc062723c751e8b465ee728b)  -> (artifact id: '54f805bdcd7845008555c4de4b0b29d9') in 0.878080 seconds 
  Import took 0.887656 seconds .

========================================================================
Received Import Request.
  Time since last request: 0.000399 seconds.
  path: Assets/Player/Animations/Materials/SkinMaterial.mat
  artifactKey: Guid(831e66dc3eee53a4f852f04ed5aecd2e) Importer(815301076,1909f56bfc062723c751e8b465ee728b)
Start importing Assets/Player/Animations/Materials/SkinMaterial.mat using Guid(831e66dc3eee53a4f852f04ed5aecd2e) Importer(815301076,1909f56bfc062723c751e8b465ee728b)  -> (artifact id: '53755b9f9e5f4154bff8ac70030d2caf') in 0.084453 seconds 
  Import took 0.094264 seconds .

========================================================================
Received Import Request.
  Time since last request: 0.000613 seconds.
  path: Assets/Player/Animations/Materials
  artifactKey: Guid(68fe0d9b6d19e0144a98f9dda01ad29b) Importer(815301076,1909f56bfc062723c751e8b465ee728b)
Start importing Assets/Player/Animations/Materials using Guid(68fe0d9b6d19e0144a98f9dda01ad29b) Importer(815301076,1909f56bfc062723c751e8b465ee728b)  -> (artifact id: '6fc2776157505d0e9cbaf4c995fcdb87') in 0.025949 seconds 
  Import took 0.035816 seconds .

========================================================================
Received Import Request.
  Time since last request: 0.000545 seconds.
  path: Assets/Player/Animations/Materials/EyesMaterial.mat
  artifactKey: Guid(ed662608c7fd43e41b755c069d5ddd5e) Importer(815301076,1909f56bfc062723c751e8b465ee728b)
Start importing Assets/Player/Animations/Materials/EyesMaterial.mat using Guid(ed662608c7fd43e41b755c069d5ddd5e) Importer(815301076,1909f56bfc062723c751e8b465ee728b)  -> (artifact id: 'ce5bbadbefa8d502232f977ec1a8a316') in 0.068802 seconds 
  Import took 0.076517 seconds .

========================================================================
Received Import Request.
  Time since last request: 0.000456 seconds.
  path: Assets/Player/Animations/Materials/TeethMaterial.mat
  artifactKey: Guid(1489f2d26137dfd4e9bfb1c6203f8bbc) Importer(815301076,1909f56bfc062723c751e8b465ee728b)
Start importing Assets/Player/Animations/Materials/TeethMaterial.mat using Guid(1489f2d26137dfd4e9bfb1c6203f8bbc) Importer(815301076,1909f56bfc062723c751e8b465ee728b)  -> (artifact id: '8d7f0d2c8db06dee5b20da9b2bc9a3d7') in 0.057006 seconds 
  Import took 0.064335 seconds .

========================================================================
Received Import Request.
  Time since last request: 0.000443 seconds.
  path: Assets/Player/Animations/Materials/TongueMaterial.mat
  artifactKey: Guid(7ad79fec73f31b24ba60466af8bf58a6) Importer(815301076,1909f56bfc062723c751e8b465ee728b)
Start importing Assets/Player/Animations/Materials/TongueMaterial.mat using Guid(7ad79fec73f31b24ba60466af8bf58a6) Importer(815301076,1909f56bfc062723c751e8b465ee728b)  -> (artifact id: 'eb1e4c4e7a0596dd1a49166ff69d0c5c') in 0.053998 seconds 
  Import took 0.062002 seconds .

========================================================================
Received Import Request.
  Time since last request: 0.000425 seconds.
  path: Assets/Player/Animations/JumpDownRollnRun.fbx
  artifactKey: Guid(1ad67e624d3bdbb459a787ba8a910efb) Importer(815301076,1909f56bfc062723c751e8b465ee728b)
Start importing Assets/Player/Animations/JumpDownRollnRun.fbx using Guid(1ad67e624d3bdbb459a787ba8a910efb) Importer(815301076,1909f56bfc062723c751e8b465ee728b)  -> (artifact id: 'cbbe3228591e74243dad8af6fe66341a') in 0.861543 seconds 
  Import took 0.870858 seconds .

========================================================================
Received Import Request.
  Time since last request: 0.000377 seconds.
  path: Assets/Player/Animations/Materials/SuitMaterial.mat
  artifactKey: Guid(066158694a01fe945af0d2abd4fcc8cf) Importer(815301076,1909f56bfc062723c751e8b465ee728b)
Start importing Assets/Player/Animations/Materials/SuitMaterial.mat using Guid(066158694a01fe945af0d2abd4fcc8cf) Importer(815301076,1909f56bfc062723c751e8b465ee728b)  -> (artifact id: '91d63bc48db55cc52b05eebe5ab334b0') in 0.046471 seconds 
  Import took 0.060433 seconds .

========================================================================
Received Import Request.
  Time since last request: 31.231875 seconds.
  path: Assets/Player/Animations/Idles.fbx
  artifactKey: Guid(7acad3aa76c1dac46a13b9056f143bd1) Importer(815301076,1909f56bfc062723c751e8b465ee728b)
Start importing Assets/Player/Animations/Idles.fbx using Guid(7acad3aa76c1dac46a13b9056f143bd1) Importer(815301076,1909f56bfc062723c751e8b465ee728b)  -> (artifact id: '87913d01c2a454a12dfc8a6d37628adc') in 0.646440 seconds 
  Import took 0.651969 seconds .

========================================================================
Received Import Request.
  Time since last request: 19.811063 seconds.
  path: Assets/Player/Animations/Idles.fbx
  artifactKey: Guid(7acad3aa76c1dac46a13b9056f143bd1) Importer(815301076,1909f56bfc062723c751e8b465ee728b)
Start importing Assets/Player/Animations/Idles.fbx using Guid(7acad3aa76c1dac46a13b9056f143bd1) Importer(815301076,1909f56bfc062723c751e8b465ee728b)  -> (artifact id: '404f823e6a3d5a5cc8ba40cd7d81532a') in 0.946400 seconds 
  Import took 0.957863 seconds .

========================================================================
Received Import Request.
  Time since last request: 33.239743 seconds.
  path: Assets/Player/Animations/Idles.fbx
  artifactKey: Guid(7acad3aa76c1dac46a13b9056f143bd1) Importer(815301076,1909f56bfc062723c751e8b465ee728b)
Start importing Assets/Player/Animations/Idles.fbx using Guid(7acad3aa76c1dac46a13b9056f143bd1) Importer(815301076,1909f56bfc062723c751e8b465ee728b)  -> (artifact id: 'a07832f3bd4fcfe90a425874ebff9b25') in 0.656188 seconds 
  Import took 0.662351 seconds .

========================================================================
Received Import Request.
  Time since last request: 60.068086 seconds.
  path: Assets/Player/Animations/Idles.fbx
  artifactKey: Guid(7acad3aa76c1dac46a13b9056f143bd1) Importer(815301076,1909f56bfc062723c751e8b465ee728b)
Start importing Assets/Player/Animations/Idles.fbx using Guid(7acad3aa76c1dac46a13b9056f143bd1) Importer(815301076,1909f56bfc062723c751e8b465ee728b)  -> (artifact id: '346f3c2c387e50c45520b39acc824795') in 0.646270 seconds 
  Import took 0.651178 seconds .

========================================================================
Received Import Request.
  Time since last request: 27.282906 seconds.
  path: Assets/Img/bg.png
  artifactKey: Guid(b8f927bc04d16b54e813cd2ff4c04e3a) Importer(815301076,1909f56bfc062723c751e8b465ee728b)
Start importing Assets/Img/bg.png using Guid(b8f927bc04d16b54e813cd2ff4c04e3a) Importer(815301076,1909f56bfc062723c751e8b465ee728b)  -> (artifact id: '5fd176c590330e9dffbcdea9f16c3e2c') in 0.095703 seconds 
  Import took 0.102749 seconds .

========================================================================
Received Import Request.
  Time since last request: 0.000321 seconds.
  path: Assets/Img/fgsoftwarestudio.png
  artifactKey: Guid(83aed921de94b5b4ba035dd9ae680551) Importer(815301076,1909f56bfc062723c751e8b465ee728b)
Start importing Assets/Img/fgsoftwarestudio.png using Guid(83aed921de94b5b4ba035dd9ae680551) Importer(815301076,1909f56bfc062723c751e8b465ee728b)  -> (artifact id: 'cd7d1521e7f4397ded4e06b6583b5b16') in 0.048815 seconds 
  Import took 0.052733 seconds .

========================================================================
Received Import Request.
  Time since last request: 0.000407 seconds.
  path: Assets/Img/fmod.png
  artifactKey: Guid(53e737d782a94d3479e99fc479e5d8a6) Importer(815301076,1909f56bfc062723c751e8b465ee728b)
Start importing Assets/Img/fmod.png using Guid(53e737d782a94d3479e99fc479e5d8a6) Importer(815301076,1909f56bfc062723c751e8b465ee728b)  -> (artifact id: 'e7313d1ec08361e662192eb56ba1e510') in 0.046866 seconds 
  Import took 0.052807 seconds .

========================================================================
Received Import Request.
  Time since last request: 13.658893 seconds.
  path: Assets/GlobalEntitiesDependencies/GlobalEntitySceneDependency.asset
  artifactKey: Guid(902253d70c4d4df40a966e523a3cc84e) Importer(815301076,1909f56bfc062723c751e8b465ee728b)
Start importing Assets/GlobalEntitiesDependencies/GlobalEntitySceneDependency.asset using Guid(902253d70c4d4df40a966e523a3cc84e) Importer(815301076,1909f56bfc062723c751e8b465ee728b)  -> (artifact id: 'b123b572655780f01cb8953c982aade9') in 0.013227 seconds 
  Import took 0.017639 seconds .

========================================================================
Received Import Request.
  Time since last request: 0.000373 seconds.
  path: Assets/GlobalEntitiesDependencies/GlobalLiveLinkAssetDependency.asset
  artifactKey: Guid(fc0d0659b996c7a4c9340dc62e4c6967) Importer(815301076,1909f56bfc062723c751e8b465ee728b)
Start importing Assets/GlobalEntitiesDependencies/GlobalLiveLinkAssetDependency.asset using Guid(fc0d0659b996c7a4c9340dc62e4c6967) Importer(815301076,1909f56bfc062723c751e8b465ee728b)  -> (artifact id: '7ec30abe7ce2562ba940114c788d866c') in 0.015795 seconds 
  Import took 0.019938 seconds .

========================================================================
Received Import Request.
  Time since last request: 8.648747 seconds.
  path: Assets/GlobalEntitiesDependencies
  artifactKey: Guid(87070f7b2e9ca184b80c9e95b15841ff) Importer(815301076,1909f56bfc062723c751e8b465ee728b)
Start importing Assets/GlobalEntitiesDependencies using Guid(87070f7b2e9ca184b80c9e95b15841ff) Importer(815301076,1909f56bfc062723c751e8b465ee728b)  -> (artifact id: 'd59dcf176aea882574d38698f4180c6b') in 0.014005 seconds 
  Import took 0.018095 seconds .

========================================================================
Received Import Request.
  Time since last request: 6.020342 seconds.
  path: Assets/Standard Assets
  artifactKey: Guid(b1fa2a2992ce1f446b4fabcde6cd5b29) Importer(815301076,1909f56bfc062723c751e8b465ee728b)
Start importing Assets/Standard Assets using Guid(b1fa2a2992ce1f446b4fabcde6cd5b29) Importer(815301076,1909f56bfc062723c751e8b465ee728b)  -> (artifact id: '09c114be2ef4842ce9f5cb98d5babe16') in 0.016940 seconds 
  Import took 0.021903 seconds .

========================================================================
Received Import Request.
  Time since last request: 1.539325 seconds.
  path: Assets/StreamingAssets
  artifactKey: Guid(0b4444476e00d414f8bcb49bd2523871) Importer(815301076,1909f56bfc062723c751e8b465ee728b)
Start importing Assets/StreamingAssets using Guid(0b4444476e00d414f8bcb49bd2523871) Importer(815301076,1909f56bfc062723c751e8b465ee728b)  -> (artifact id: '2b46e235a911fd191d6c94e59a9bfdaf') in 0.013669 seconds 
  Import took 0.018505 seconds .

========================================================================
Received Import Request.
  Time since last request: 0.006541 seconds.
  path: Assets/StreamingAssets
  artifactKey: Guid(0b4444476e00d414f8bcb49bd2523871) Importer(815301076,1909f56bfc062723c751e8b465ee728b)
Start importing Assets/StreamingAssets using Guid(0b4444476e00d414f8bcb49bd2523871) Importer(815301076,1909f56bfc062723c751e8b465ee728b)  -> (artifact id: '2b46e235a911fd191d6c94e59a9bfdaf') in 0.007161 seconds 
  Import took 0.013137 seconds .

========================================================================
Received Prepare
Registering precompiled user dll's ...
Registered in 0.008930 seconds.
Begin MonoManager ReloadAssembly
Native extension for WindowsStandalone target not found
Refreshing native plugins compatible for Editor in 0.55 ms, found 3 plugins.
Preloading 0 native plugins for Editor in 0.00 ms.
Mono: successfully reloaded assembly
- Completed reload, in  1.984 seconds
Domain Reload Profiling:
	ReloadAssembly (1985ms)
		BeginReloadAssembly (209ms)
			ExecutionOrderSort (0ms)
			DisableScriptedObjects (7ms)
			BackupInstance (0ms)
			ReleaseScriptingObjects (0ms)
			CreateAndSetChildDomain (58ms)
		EndReloadAssembly (1653ms)
			LoadAssemblies (172ms)
			RebuildTransferFunctionScriptingTraits (0ms)
			SetupTypeCache (633ms)
			ReleaseScriptCaches (2ms)
			RebuildScriptCaches (104ms)
			SetupLoadedEditorAssemblies (562ms)
				LogAssemblyErrors (0ms)
				InitializePlatformSupportModulesInManaged (8ms)
				SetLoadedEditorAssemblies (1ms)
				RefreshPlugins (1ms)
				BeforeProcessingInitializeOnLoad (125ms)
				ProcessInitializeOnLoadAttributes (412ms)
				ProcessInitializeOnLoadMethodAttributes (6ms)
				AfterProcessingInitializeOnLoad (9ms)
				EditorAssembliesLoaded (0ms)
			ExecutionOrderSort2 (0ms)
			AwakeInstancesAfterBackupRestoration (10ms)
Platform modules already initialized, skipping
OnLevelWasLoaded was found on Menu
This message has been deprecated and will be removed in a later version of Unity.
Add a delegate to SceneManager.sceneLoaded instead to get notifications after scene loading has completed

Refreshing native plugins compatible for Editor in 1.05 ms, found 3 plugins.
Preloading 0 native plugins for Editor in 0.00 ms.
Unloading 1462 Unused Serialized files (Serialized files now loaded: 0)
System memory in use before: 75.4 MB.
System memory in use after: 75.5 MB.

Unloading 16 unused Assets to reduce memory usage. Loaded Objects now: 1978.
Total: 4.633800 ms (FindLiveObjects: 0.343700 ms CreateObjectMapping: 0.090900 ms MarkObjects: 4.157700 ms  DeleteObjects: 0.039100 ms)

AssetImportParameters requested are different than current active one (requested -> active):
  custom:framework-win-MediaFoundation: 216162199b28c13a410421893ffa2e32 -> 
  custom:video-decoder-ogg-theora: a1e56fd34408186e4bbccfd4996cb3dc -> 
  custom:container-muxer-webm: aa71ff27fc2769a1b78a27578f13a17b -> 
  custom:container-demuxer-webm: 4f35f7cbe854078d1ac9338744f61a02 -> 
  custom:container-demuxer-ogg: 62fdf1f143b41e24485cea50d1cbac27 -> 
  custom:video-encoder-webm-vp8: eb34c28f22e8b96e1ab97ce403110664 -> 
  custom:video-decoder-webm-vp8: 9c59270c3fd7afecdb556c50c9e8de78 -> 
  custom:audio-decoder-ogg-vorbis: bf7c407c2cedff20999df2af8eb42d56 -> 
  custom:audio-encoder-webm-vorbis: bf7c407c2cedff20999df2af8eb42d56 -> 
========================================================================
Received Prepare
Registering precompiled user dll's ...
Registered in 0.009256 seconds.
Begin MonoManager ReloadAssembly
Native extension for WindowsStandalone target not found
Refreshing native plugins compatible for Editor in 0.83 ms, found 3 plugins.
Preloading 0 native plugins for Editor in 0.00 ms.
Mono: successfully reloaded assembly
- Completed reload, in  1.956 seconds
Domain Reload Profiling:
	ReloadAssembly (1957ms)
		BeginReloadAssembly (201ms)
			ExecutionOrderSort (0ms)
			DisableScriptedObjects (7ms)
			BackupInstance (0ms)
			ReleaseScriptingObjects (0ms)
			CreateAndSetChildDomain (58ms)
		EndReloadAssembly (1637ms)
			LoadAssemblies (184ms)
			RebuildTransferFunctionScriptingTraits (0ms)
			SetupTypeCache (703ms)
			ReleaseScriptCaches (1ms)
			RebuildScriptCaches (56ms)
			SetupLoadedEditorAssemblies (554ms)
				LogAssemblyErrors (0ms)
				InitializePlatformSupportModulesInManaged (7ms)
				SetLoadedEditorAssemblies (1ms)
				RefreshPlugins (1ms)
				BeforeProcessingInitializeOnLoad (124ms)
				ProcessInitializeOnLoadAttributes (406ms)
				ProcessInitializeOnLoadMethodAttributes (6ms)
				AfterProcessingInitializeOnLoad (9ms)
				EditorAssembliesLoaded (0ms)
			ExecutionOrderSort2 (0ms)
			AwakeInstancesAfterBackupRestoration (11ms)
Platform modules already initialized, skipping
OnLevelWasLoaded was found on Menu
This message has been deprecated and will be removed in a later version of Unity.
Add a delegate to SceneManager.sceneLoaded instead to get notifications after scene loading has completed

Refreshing native plugins compatible for Editor in 0.94 ms, found 3 plugins.
Preloading 0 native plugins for Editor in 0.00 ms.
Unloading 1462 Unused Serialized files (Serialized files now loaded: 0)
System memory in use before: 75.4 MB.
System memory in use after: 75.5 MB.

Unloading 16 unused Assets to reduce memory usage. Loaded Objects now: 1980.
Total: 8.738700 ms (FindLiveObjects: 1.992800 ms CreateObjectMapping: 0.482600 ms MarkObjects: 6.214900 ms  DeleteObjects: 0.044300 ms)

AssetImportParameters requested are different than current active one (requested -> active):
  custom:framework-win-MediaFoundation: 216162199b28c13a410421893ffa2e32 -> 
  custom:video-decoder-ogg-theora: a1e56fd34408186e4bbccfd4996cb3dc -> 
  custom:container-muxer-webm: aa71ff27fc2769a1b78a27578f13a17b -> 
  custom:container-demuxer-webm: 4f35f7cbe854078d1ac9338744f61a02 -> 
  custom:container-demuxer-ogg: 62fdf1f143b41e24485cea50d1cbac27 -> 
  custom:video-encoder-webm-vp8: eb34c28f22e8b96e1ab97ce403110664 -> 
  custom:video-decoder-webm-vp8: 9c59270c3fd7afecdb556c50c9e8de78 -> 
  custom:audio-decoder-ogg-vorbis: bf7c407c2cedff20999df2af8eb42d56 -> 
  custom:audio-encoder-webm-vorbis: bf7c407c2cedff20999df2af8eb42d56 -> 
========================================================================
Received Prepare
Registering precompiled user dll's ...
Registered in 0.006371 seconds.
Begin MonoManager ReloadAssembly
Native extension for WindowsStandalone target not found
Refreshing native plugins compatible for Editor in 0.59 ms, found 3 plugins.
Preloading 0 native plugins for Editor in 0.00 ms.
Mono: successfully reloaded assembly
- Completed reload, in  2.284 seconds
Domain Reload Profiling:
	ReloadAssembly (2285ms)
		BeginReloadAssembly (205ms)
			ExecutionOrderSort (0ms)
			DisableScriptedObjects (7ms)
			BackupInstance (0ms)
			ReleaseScriptingObjects (0ms)
			CreateAndSetChildDomain (60ms)
		EndReloadAssembly (1955ms)
			LoadAssemblies (184ms)
			RebuildTransferFunctionScriptingTraits (0ms)
			SetupTypeCache (640ms)
			ReleaseScriptCaches (1ms)
			RebuildScriptCaches (78ms)
			SetupLoadedEditorAssemblies (841ms)
				LogAssemblyErrors (0ms)
				InitializePlatformSupportModulesInManaged (16ms)
				SetLoadedEditorAssemblies (1ms)
				RefreshPlugins (1ms)
				BeforeProcessingInitializeOnLoad (191ms)
				ProcessInitializeOnLoadAttributes (610ms)
				ProcessInitializeOnLoadMethodAttributes (10ms)
				AfterProcessingInitializeOnLoad (11ms)
				EditorAssembliesLoaded (1ms)
			ExecutionOrderSort2 (0ms)
			AwakeInstancesAfterBackupRestoration (14ms)
Platform modules already initialized, skipping
OnLevelWasLoaded was found on Menu
This message has been deprecated and will be removed in a later version of Unity.
Add a delegate to SceneManager.sceneLoaded instead to get notifications after scene loading has completed

Refreshing native plugins compatible for Editor in 1.23 ms, found 3 plugins.
Preloading 0 native plugins for Editor in 0.00 ms.
Unloading 1462 Unused Serialized files (Serialized files now loaded: 0)
System memory in use before: 75.4 MB.
System memory in use after: 75.5 MB.

Unloading 16 unused Assets to reduce memory usage. Loaded Objects now: 1982.
Total: 10.489500 ms (FindLiveObjects: 0.768500 ms CreateObjectMapping: 0.304500 ms MarkObjects: 9.373900 ms  DeleteObjects: 0.039200 ms)

AssetImportParameters requested are different than current active one (requested -> active):
  custom:framework-win-MediaFoundation: 216162199b28c13a410421893ffa2e32 -> 
  custom:video-decoder-ogg-theora: a1e56fd34408186e4bbccfd4996cb3dc -> 
  custom:container-muxer-webm: aa71ff27fc2769a1b78a27578f13a17b -> 
  custom:container-demuxer-webm: 4f35f7cbe854078d1ac9338744f61a02 -> 
  custom:container-demuxer-ogg: 62fdf1f143b41e24485cea50d1cbac27 -> 
  custom:video-encoder-webm-vp8: eb34c28f22e8b96e1ab97ce403110664 -> 
  custom:video-decoder-webm-vp8: 9c59270c3fd7afecdb556c50c9e8de78 -> 
  custom:audio-decoder-ogg-vorbis: bf7c407c2cedff20999df2af8eb42d56 -> 
  custom:audio-encoder-webm-vorbis: bf7c407c2cedff20999df2af8eb42d56 -> 
========================================================================
Received Prepare
Registering precompiled user dll's ...
Registered in 0.008012 seconds.
Begin MonoManager ReloadAssembly
Native extension for WindowsStandalone target not found
Refreshing native plugins compatible for Editor in 0.52 ms, found 3 plugins.
Preloading 0 native plugins for Editor in 0.00 ms.
Mono: successfully reloaded assembly
- Completed reload, in  1.851 seconds
Domain Reload Profiling:
	ReloadAssembly (1852ms)
		BeginReloadAssembly (198ms)
			ExecutionOrderSort (0ms)
			DisableScriptedObjects (7ms)
			BackupInstance (0ms)
			ReleaseScriptingObjects (0ms)
			CreateAndSetChildDomain (62ms)
		EndReloadAssembly (1529ms)
			LoadAssemblies (169ms)
			RebuildTransferFunctionScriptingTraits (0ms)
			SetupTypeCache (623ms)
			ReleaseScriptCaches (1ms)
			RebuildScriptCaches (57ms)
			SetupLoadedEditorAssemblies (525ms)
				LogAssemblyErrors (0ms)
				InitializePlatformSupportModulesInManaged (8ms)
				SetLoadedEditorAssemblies (1ms)
				RefreshPlugins (1ms)
				BeforeProcessingInitializeOnLoad (115ms)
				ProcessInitializeOnLoadAttributes (385ms)
				ProcessInitializeOnLoadMethodAttributes (6ms)
				AfterProcessingInitializeOnLoad (9ms)
				EditorAssembliesLoaded (0ms)
			ExecutionOrderSort2 (0ms)
			AwakeInstancesAfterBackupRestoration (11ms)
Platform modules already initialized, skipping
OnLevelWasLoaded was found on Menu
This message has been deprecated and will be removed in a later version of Unity.
Add a delegate to SceneManager.sceneLoaded instead to get notifications after scene loading has completed

Refreshing native plugins compatible for Editor in 0.99 ms, found 3 plugins.
Preloading 0 native plugins for Editor in 0.00 ms.
Unloading 1462 Unused Serialized files (Serialized files now loaded: 0)
System memory in use before: 75.4 MB.
System memory in use after: 75.5 MB.

Unloading 16 unused Assets to reduce memory usage. Loaded Objects now: 1984.
Total: 9.233100 ms (FindLiveObjects: 2.164000 ms CreateObjectMapping: 0.221800 ms MarkObjects: 6.789800 ms  DeleteObjects: 0.052800 ms)

AssetImportParameters requested are different than current active one (requested -> active):
  custom:framework-win-MediaFoundation: 216162199b28c13a410421893ffa2e32 -> 
  custom:video-decoder-ogg-theora: a1e56fd34408186e4bbccfd4996cb3dc -> 
  custom:container-muxer-webm: aa71ff27fc2769a1b78a27578f13a17b -> 
  custom:container-demuxer-webm: 4f35f7cbe854078d1ac9338744f61a02 -> 
  custom:container-demuxer-ogg: 62fdf1f143b41e24485cea50d1cbac27 -> 
  custom:video-encoder-webm-vp8: eb34c28f22e8b96e1ab97ce403110664 -> 
  custom:video-decoder-webm-vp8: 9c59270c3fd7afecdb556c50c9e8de78 -> 
  custom:audio-decoder-ogg-vorbis: bf7c407c2cedff20999df2af8eb42d56 -> 
  custom:audio-encoder-webm-vorbis: bf7c407c2cedff20999df2af8eb42d56 -> 
========================================================================
Received Import Request.
  Time since last request: 304.436257 seconds.
  path: Assets/Scripts/MouseLook.cs
  artifactKey: Guid(6da3ae74e6f93d949a956098a7db5a76) Importer(815301076,1909f56bfc062723c751e8b465ee728b)
Start importing Assets/Scripts/MouseLook.cs using Guid(6da3ae74e6f93d949a956098a7db5a76) Importer(815301076,1909f56bfc062723c751e8b465ee728b)  -> (artifact id: 'a8b6c7e8ddb82da1a3638faf29e94625') in 0.069116 seconds 
  Import took 0.079398 seconds .

========================================================================
Received Prepare
Registering precompiled user dll's ...
Registered in 0.008870 seconds.
Begin MonoManager ReloadAssembly
Native extension for WindowsStandalone target not found
Refreshing native plugins compatible for Editor in 0.52 ms, found 3 plugins.
Preloading 0 native plugins for Editor in 0.00 ms.
Mono: successfully reloaded assembly
- Completed reload, in  3.725 seconds
Domain Reload Profiling:
	ReloadAssembly (3726ms)
		BeginReloadAssembly (1445ms)
			ExecutionOrderSort (0ms)
			DisableScriptedObjects (7ms)
			BackupInstance (0ms)
			ReleaseScriptingObjects (0ms)
			CreateAndSetChildDomain (677ms)
		EndReloadAssembly (1455ms)
			LoadAssemblies (825ms)
			RebuildTransferFunctionScriptingTraits (0ms)
			SetupTypeCache (498ms)
			ReleaseScriptCaches (1ms)
			RebuildScriptCaches (55ms)
			SetupLoadedEditorAssemblies (557ms)
				LogAssemblyErrors (0ms)
				InitializePlatformSupportModulesInManaged (7ms)
				SetLoadedEditorAssemblies (1ms)
				RefreshPlugins (1ms)
				BeforeProcessingInitializeOnLoad (132ms)
				ProcessInitializeOnLoadAttributes (400ms)
				ProcessInitializeOnLoadMethodAttributes (7ms)
				AfterProcessingInitializeOnLoad (10ms)
				EditorAssembliesLoaded (1ms)
			ExecutionOrderSort2 (0ms)
			AwakeInstancesAfterBackupRestoration (13ms)
Platform modules already initialized, skipping
OnLevelWasLoaded was found on Menu
This message has been deprecated and will be removed in a later version of Unity.
Add a delegate to SceneManager.sceneLoaded instead to get notifications after scene loading has completed

Refreshing native plugins compatible for Editor in 8.00 ms, found 3 plugins.
Preloading 0 native plugins for Editor in 0.00 ms.
Unloading 1463 Unused Serialized files (Serialized files now loaded: 0)
System memory in use before: 75.5 MB.
System memory in use after: 75.6 MB.

Unloading 16 unused Assets to reduce memory usage. Loaded Objects now: 1987.
Total: 4.630300 ms (FindLiveObjects: 0.215000 ms CreateObjectMapping: 0.166900 ms MarkObjects: 4.216400 ms  DeleteObjects: 0.030300 ms)

AssetImportParameters requested are different than current active one (requested -> active):
  custom:framework-win-MediaFoundation: 216162199b28c13a410421893ffa2e32 -> 
  custom:video-decoder-ogg-theora: a1e56fd34408186e4bbccfd4996cb3dc -> 
  custom:container-muxer-webm: aa71ff27fc2769a1b78a27578f13a17b -> 
  custom:container-demuxer-webm: 4f35f7cbe854078d1ac9338744f61a02 -> 
  custom:container-demuxer-ogg: 62fdf1f143b41e24485cea50d1cbac27 -> 
  custom:video-encoder-webm-vp8: eb34c28f22e8b96e1ab97ce403110664 -> 
  custom:video-decoder-webm-vp8: 9c59270c3fd7afecdb556c50c9e8de78 -> 
  custom:audio-decoder-ogg-vorbis: bf7c407c2cedff20999df2af8eb42d56 -> 
  custom:audio-encoder-webm-vorbis: bf7c407c2cedff20999df2af8eb42d56 -> 
========================================================================
Received Prepare
Registering precompiled user dll's ...
Registered in 0.007812 seconds.
Begin MonoManager ReloadAssembly
Native extension for WindowsStandalone target not found
Refreshing native plugins compatible for Editor in 0.53 ms, found 3 plugins.
Preloading 0 native plugins for Editor in 0.00 ms.
Mono: successfully reloaded assembly
- Completed reload, in  2.049 seconds
Domain Reload Profiling:
	ReloadAssembly (2050ms)
		BeginReloadAssembly (196ms)
			ExecutionOrderSort (0ms)
			DisableScriptedObjects (10ms)
			BackupInstance (0ms)
			ReleaseScriptingObjects (0ms)
			CreateAndSetChildDomain (50ms)
		EndReloadAssembly (1713ms)
			LoadAssemblies (313ms)
			RebuildTransferFunctionScriptingTraits (0ms)
			SetupTypeCache (682ms)
			ReleaseScriptCaches (1ms)
			RebuildScriptCaches (62ms)
			SetupLoadedEditorAssemblies (501ms)
				LogAssemblyErrors (0ms)
				InitializePlatformSupportModulesInManaged (7ms)
				SetLoadedEditorAssemblies (1ms)
				RefreshPlugins (1ms)
				BeforeProcessingInitializeOnLoad (120ms)
				ProcessInitializeOnLoadAttributes (358ms)
				ProcessInitializeOnLoadMethodAttributes (6ms)
				AfterProcessingInitializeOnLoad (8ms)
				EditorAssembliesLoaded (0ms)
			ExecutionOrderSort2 (0ms)
			AwakeInstancesAfterBackupRestoration (10ms)
Platform modules already initialized, skipping
OnLevelWasLoaded was found on Menu
This message has been deprecated and will be removed in a later version of Unity.
Add a delegate to SceneManager.sceneLoaded instead to get notifications after scene loading has completed

Refreshing native plugins compatible for Editor in 0.95 ms, found 3 plugins.
Preloading 0 native plugins for Editor in 0.00 ms.
Unloading 1463 Unused Serialized files (Serialized files now loaded: 0)
System memory in use before: 75.5 MB.
System memory in use after: 75.6 MB.

Unloading 16 unused Assets to reduce memory usage. Loaded Objects now: 1989.
Total: 7.934000 ms (FindLiveObjects: 1.174900 ms CreateObjectMapping: 0.544200 ms MarkObjects: 6.144500 ms  DeleteObjects: 0.066300 ms)

AssetImportParameters requested are different than current active one (requested -> active):
  custom:framework-win-MediaFoundation: 216162199b28c13a410421893ffa2e32 -> 
  custom:video-decoder-ogg-theora: a1e56fd34408186e4bbccfd4996cb3dc -> 
  custom:container-muxer-webm: aa71ff27fc2769a1b78a27578f13a17b -> 
  custom:container-demuxer-webm: 4f35f7cbe854078d1ac9338744f61a02 -> 
  custom:container-demuxer-ogg: 62fdf1f143b41e24485cea50d1cbac27 -> 
  custom:video-encoder-webm-vp8: eb34c28f22e8b96e1ab97ce403110664 -> 
  custom:video-decoder-webm-vp8: 9c59270c3fd7afecdb556c50c9e8de78 -> 
  custom:audio-decoder-ogg-vorbis: bf7c407c2cedff20999df2af8eb42d56 -> 
  custom:audio-encoder-webm-vorbis: bf7c407c2cedff20999df2af8eb42d56 -> 
========================================================================
Received Import Request.
  Time since last request: 225.206184 seconds.
  path: Assets/Scripts/MouseLook.cs
  artifactKey: Guid(6da3ae74e6f93d949a956098a7db5a76) Importer(815301076,1909f56bfc062723c751e8b465ee728b)
Start importing Assets/Scripts/MouseLook.cs using Guid(6da3ae74e6f93d949a956098a7db5a76) Importer(815301076,1909f56bfc062723c751e8b465ee728b)  -> (artifact id: '477f388a1c86a01db943d74aa772c2b0') in 0.016289 seconds 
  Import took 0.021352 seconds .

